2024-06-17 18:26:03.403 [main] INFO  c.j.s.SysMonitorCaptureApplication - Started SysMonitorCaptureApplication in 2.834 seconds (process running for 3.695)
2024-06-23 18:17:29.129 [main] INFO  c.j.s.SysMonitorCaptureApplication - Started SysMonitorCaptureApplication in 2.669 seconds (process running for 3.319)
2024-06-23 18:17:30.591 [RMI TCP Connection(2)-127.0.0.1] WARN  o.s.b.a.j.DataSourceHealthIndicator - DataSource health check failed
org.springframework.jdbc.CannotGetJdbcConnectionException: Failed to obtain JDBC Connection
	at org.springframework.jdbc.datasource.DataSourceUtils.getConnection(DataSourceUtils.java:84)
	at org.springframework.jdbc.core.JdbcTemplate.execute(JdbcTemplate.java:342)
	at org.springframework.boot.actuate.jdbc.DataSourceHealthIndicator.getProduct(DataSourceHealthIndicator.java:122)
	at org.springframework.boot.actuate.jdbc.DataSourceHealthIndicator.doDataSourceHealthCheck(DataSourceHealthIndicator.java:105)
	at org.springframework.boot.actuate.jdbc.DataSourceHealthIndicator.doHealthCheck(DataSourceHealthIndicator.java:100)
	at org.springframework.boot.actuate.health.AbstractHealthIndicator.health(AbstractHealthIndicator.java:82)
	at org.springframework.boot.actuate.health.HealthIndicator.getHealth(HealthIndicator.java:37)
	at org.springframework.boot.actuate.health.HealthEndpoint.getHealth(HealthEndpoint.java:82)
	at org.springframework.boot.actuate.health.HealthEndpoint.getHealth(HealthEndpoint.java:41)
	at org.springframework.boot.actuate.health.HealthEndpointSupport.getLoggedHealth(HealthEndpointSupport.java:172)
	at org.springframework.boot.actuate.health.HealthEndpointSupport.getContribution(HealthEndpointSupport.java:145)
	at org.springframework.boot.actuate.health.HealthEndpointSupport.getAggregateContribution(HealthEndpointSupport.java:156)
	at org.springframework.boot.actuate.health.HealthEndpointSupport.getContribution(HealthEndpointSupport.java:141)
	at org.springframework.boot.actuate.health.HealthEndpointSupport.getHealth(HealthEndpointSupport.java:110)
	at org.springframework.boot.actuate.health.HealthEndpointSupport.getHealth(HealthEndpointSupport.java:81)
	at org.springframework.boot.actuate.health.HealthEndpoint.health(HealthEndpoint.java:76)
	at org.springframework.boot.actuate.health.HealthEndpoint.health(HealthEndpoint.java:66)
	at java.base/jdk.internal.reflect.DirectMethodHandleAccessor.invoke(DirectMethodHandleAccessor.java:103)
	at java.base/java.lang.reflect.Method.invoke(Method.java:580)
	at org.springframework.util.ReflectionUtils.invokeMethod(ReflectionUtils.java:281)
	at org.springframework.boot.actuate.endpoint.invoke.reflect.ReflectiveOperationInvoker.invoke(ReflectiveOperationInvoker.java:74)
	at org.springframework.boot.actuate.endpoint.annotation.AbstractDiscoveredOperation.invoke(AbstractDiscoveredOperation.java:60)
	at org.springframework.boot.actuate.endpoint.jmx.EndpointMBean.invoke(EndpointMBean.java:124)
	at org.springframework.boot.actuate.endpoint.jmx.EndpointMBean.invoke(EndpointMBean.java:97)
	at java.management/com.sun.jmx.interceptor.DefaultMBeanServerInterceptor.invoke(DefaultMBeanServerInterceptor.java:803)
	at java.management/com.sun.jmx.mbeanserver.JmxMBeanServer.invoke(JmxMBeanServer.java:802)
	at java.management.rmi/javax.management.remote.rmi.RMIConnectionImpl.doOperation(RMIConnectionImpl.java:1472)
	at java.management.rmi/javax.management.remote.rmi.RMIConnectionImpl$PrivilegedOperation.run(RMIConnectionImpl.java:1310)
	at java.management.rmi/javax.management.remote.rmi.RMIConnectionImpl.doPrivilegedOperation(RMIConnectionImpl.java:1405)
	at java.management.rmi/javax.management.remote.rmi.RMIConnectionImpl.invoke(RMIConnectionImpl.java:829)
	at java.base/jdk.internal.reflect.DirectMethodHandleAccessor.invoke(DirectMethodHandleAccessor.java:103)
	at java.base/java.lang.reflect.Method.invoke(Method.java:580)
	at java.rmi/sun.rmi.server.UnicastServerRef.dispatch(UnicastServerRef.java:360)
	at java.rmi/sun.rmi.transport.Transport$1.run(Transport.java:200)
	at java.rmi/sun.rmi.transport.Transport$1.run(Transport.java:197)
	at java.base/java.security.AccessController.doPrivileged(AccessController.java:714)
	at java.rmi/sun.rmi.transport.Transport.serviceCall(Transport.java:196)
	at java.rmi/sun.rmi.transport.tcp.TCPTransport.handleMessages(TCPTransport.java:598)
	at java.rmi/sun.rmi.transport.tcp.TCPTransport$ConnectionHandler.run0(TCPTransport.java:844)
	at java.rmi/sun.rmi.transport.tcp.TCPTransport$ConnectionHandler.lambda$run$0(TCPTransport.java:721)
	at java.base/java.security.AccessController.doPrivileged(AccessController.java:400)
	at java.rmi/sun.rmi.transport.tcp.TCPTransport$ConnectionHandler.run(TCPTransport.java:720)
	at java.base/java.util.concurrent.ThreadPoolExecutor.runWorker(ThreadPoolExecutor.java:1144)
	at java.base/java.util.concurrent.ThreadPoolExecutor$Worker.run(ThreadPoolExecutor.java:642)
	at java.base/java.lang.Thread.run(Thread.java:1583)
Caused by: com.mysql.cj.jdbc.exceptions.CommunicationsException: Communications link failure

The last packet sent successfully to the server was 0 milliseconds ago. The driver has not received any packets from the server.
	at com.mysql.cj.jdbc.exceptions.SQLError.createCommunicationsException(SQLError.java:174)
	at com.mysql.cj.jdbc.exceptions.SQLExceptionsMapping.translateException(SQLExceptionsMapping.java:64)
	at com.mysql.cj.jdbc.ConnectionImpl.createNewIO(ConnectionImpl.java:815)
	at com.mysql.cj.jdbc.ConnectionImpl.<init>(ConnectionImpl.java:438)
	at com.mysql.cj.jdbc.ConnectionImpl.getInstance(ConnectionImpl.java:241)
	at com.mysql.cj.jdbc.NonRegisteringDriver.connect(NonRegisteringDriver.java:189)
	at com.zaxxer.hikari.util.DriverDataSource.getConnection(DriverDataSource.java:137)
	at com.zaxxer.hikari.pool.PoolBase.newConnection(PoolBase.java:360)
	at com.zaxxer.hikari.pool.PoolBase.newPoolEntry(PoolBase.java:202)
	at com.zaxxer.hikari.pool.HikariPool.createPoolEntry(HikariPool.java:461)
	at com.zaxxer.hikari.pool.HikariPool.checkFailFast(HikariPool.java:550)
	at com.zaxxer.hikari.pool.HikariPool.<init>(HikariPool.java:98)
	at com.zaxxer.hikari.HikariDataSource.getConnection(HikariDataSource.java:111)
	at org.springframework.jdbc.datasource.DataSourceUtils.fetchConnection(DataSourceUtils.java:160)
	at org.springframework.jdbc.datasource.DataSourceUtils.doGetConnection(DataSourceUtils.java:118)
	at org.springframework.jdbc.datasource.DataSourceUtils.getConnection(DataSourceUtils.java:81)
	... 44 common frames omitted
Caused by: com.mysql.cj.exceptions.CJCommunicationsException: Communications link failure

The last packet sent successfully to the server was 0 milliseconds ago. The driver has not received any packets from the server.
	at java.base/jdk.internal.reflect.DirectConstructorHandleAccessor.newInstance(DirectConstructorHandleAccessor.java:62)
	at java.base/java.lang.reflect.Constructor.newInstanceWithCaller(Constructor.java:502)
	at java.base/java.lang.reflect.Constructor.newInstance(Constructor.java:486)
	at com.mysql.cj.exceptions.ExceptionFactory.createException(ExceptionFactory.java:61)
	at com.mysql.cj.exceptions.ExceptionFactory.createException(ExceptionFactory.java:104)
	at com.mysql.cj.exceptions.ExceptionFactory.createException(ExceptionFactory.java:149)
	at com.mysql.cj.exceptions.ExceptionFactory.createCommunicationsException(ExceptionFactory.java:165)
	at com.mysql.cj.protocol.a.NativeSocketConnection.connect(NativeSocketConnection.java:88)
	at com.mysql.cj.NativeSession.connect(NativeSession.java:120)
	at com.mysql.cj.jdbc.ConnectionImpl.connectOneTryOnly(ConnectionImpl.java:935)
	at com.mysql.cj.jdbc.ConnectionImpl.createNewIO(ConnectionImpl.java:805)
	... 57 common frames omitted
Caused by: java.net.ConnectException: 拒绝连接
	at java.base/sun.nio.ch.Net.pollConnect(Native Method)
	at java.base/sun.nio.ch.Net.pollConnectNow(Net.java:682)
	at java.base/sun.nio.ch.NioSocketImpl.timedFinishConnect(NioSocketImpl.java:542)
	at java.base/sun.nio.ch.NioSocketImpl.connect(NioSocketImpl.java:592)
	at java.base/java.net.SocksSocketImpl.connect(SocksSocketImpl.java:327)
	at java.base/java.net.Socket.connect(Socket.java:751)
	at com.mysql.cj.protocol.StandardSocketFactory.connect(StandardSocketFactory.java:153)
	at com.mysql.cj.protocol.a.NativeSocketConnection.connect(NativeSocketConnection.java:62)
	... 60 common frames omitted
2024-06-23 21:39:16.339 [main] INFO  c.j.s.SysMonitorCaptureApplication - Started SysMonitorCaptureApplication in 1.833 seconds (process running for 2.236)
2024-06-23 21:42:53.071 [main] INFO  c.j.s.SysMonitorCaptureApplication - Started SysMonitorCaptureApplication in 1.508 seconds (process running for 1.893)
2024-06-23 21:43:26.434 [main] INFO  c.j.s.SysMonitorCaptureApplication - Started SysMonitorCaptureApplication in 1.525 seconds (process running for 1.928)
2024-06-23 21:49:23.440 [main] INFO  c.j.s.SysMonitorCaptureApplication - Started SysMonitorCaptureApplication in 2.259 seconds (process running for 3.187)
2024-06-23 21:55:34.267 [main] INFO  c.j.s.SysMonitorCaptureApplication - Started SysMonitorCaptureApplication in 1.489 seconds (process running for 2.042)
2024-06-23 21:57:28.974 [main] INFO  c.j.s.SysMonitorCaptureApplication - Started SysMonitorCaptureApplication in 1.497 seconds (process running for 1.949)
2024-06-24 12:51:18.564 [main] INFO  c.j.s.SysMonitorCaptureApplication - Started SysMonitorCaptureApplication in 1.858 seconds (process running for 2.534)
2024-06-24 12:51:19.849 [RMI TCP Connection(3)-127.0.0.1] WARN  o.s.b.a.j.DataSourceHealthIndicator - DataSource health check failed
org.springframework.jdbc.CannotGetJdbcConnectionException: Failed to obtain JDBC Connection
	at org.springframework.jdbc.datasource.DataSourceUtils.getConnection(DataSourceUtils.java:84)
	at org.springframework.jdbc.core.JdbcTemplate.execute(JdbcTemplate.java:342)
	at org.springframework.boot.actuate.jdbc.DataSourceHealthIndicator.getProduct(DataSourceHealthIndicator.java:122)
	at org.springframework.boot.actuate.jdbc.DataSourceHealthIndicator.doDataSourceHealthCheck(DataSourceHealthIndicator.java:105)
	at org.springframework.boot.actuate.jdbc.DataSourceHealthIndicator.doHealthCheck(DataSourceHealthIndicator.java:100)
	at org.springframework.boot.actuate.health.AbstractHealthIndicator.health(AbstractHealthIndicator.java:82)
	at org.springframework.boot.actuate.health.HealthIndicator.getHealth(HealthIndicator.java:37)
	at org.springframework.boot.actuate.health.HealthEndpoint.getHealth(HealthEndpoint.java:82)
	at org.springframework.boot.actuate.health.HealthEndpoint.getHealth(HealthEndpoint.java:41)
	at org.springframework.boot.actuate.health.HealthEndpointSupport.getLoggedHealth(HealthEndpointSupport.java:172)
	at org.springframework.boot.actuate.health.HealthEndpointSupport.getContribution(HealthEndpointSupport.java:145)
	at org.springframework.boot.actuate.health.HealthEndpointSupport.getAggregateContribution(HealthEndpointSupport.java:156)
	at org.springframework.boot.actuate.health.HealthEndpointSupport.getContribution(HealthEndpointSupport.java:141)
	at org.springframework.boot.actuate.health.HealthEndpointSupport.getHealth(HealthEndpointSupport.java:110)
	at org.springframework.boot.actuate.health.HealthEndpointSupport.getHealth(HealthEndpointSupport.java:81)
	at org.springframework.boot.actuate.health.HealthEndpoint.health(HealthEndpoint.java:76)
	at org.springframework.boot.actuate.health.HealthEndpoint.health(HealthEndpoint.java:66)
	at java.base/jdk.internal.reflect.DirectMethodHandleAccessor.invoke(DirectMethodHandleAccessor.java:103)
	at java.base/java.lang.reflect.Method.invoke(Method.java:580)
	at org.springframework.util.ReflectionUtils.invokeMethod(ReflectionUtils.java:281)
	at org.springframework.boot.actuate.endpoint.invoke.reflect.ReflectiveOperationInvoker.invoke(ReflectiveOperationInvoker.java:74)
	at org.springframework.boot.actuate.endpoint.annotation.AbstractDiscoveredOperation.invoke(AbstractDiscoveredOperation.java:60)
	at org.springframework.boot.actuate.endpoint.jmx.EndpointMBean.invoke(EndpointMBean.java:124)
	at org.springframework.boot.actuate.endpoint.jmx.EndpointMBean.invoke(EndpointMBean.java:97)
	at java.management/com.sun.jmx.interceptor.DefaultMBeanServerInterceptor.invoke(DefaultMBeanServerInterceptor.java:803)
	at java.management/com.sun.jmx.mbeanserver.JmxMBeanServer.invoke(JmxMBeanServer.java:802)
	at java.management.rmi/javax.management.remote.rmi.RMIConnectionImpl.doOperation(RMIConnectionImpl.java:1472)
	at java.management.rmi/javax.management.remote.rmi.RMIConnectionImpl$PrivilegedOperation.run(RMIConnectionImpl.java:1310)
	at java.management.rmi/javax.management.remote.rmi.RMIConnectionImpl.doPrivilegedOperation(RMIConnectionImpl.java:1405)
	at java.management.rmi/javax.management.remote.rmi.RMIConnectionImpl.invoke(RMIConnectionImpl.java:829)
	at java.base/jdk.internal.reflect.DirectMethodHandleAccessor.invoke(DirectMethodHandleAccessor.java:103)
	at java.base/java.lang.reflect.Method.invoke(Method.java:580)
	at java.rmi/sun.rmi.server.UnicastServerRef.dispatch(UnicastServerRef.java:360)
	at java.rmi/sun.rmi.transport.Transport$1.run(Transport.java:200)
	at java.rmi/sun.rmi.transport.Transport$1.run(Transport.java:197)
	at java.base/java.security.AccessController.doPrivileged(AccessController.java:714)
	at java.rmi/sun.rmi.transport.Transport.serviceCall(Transport.java:196)
	at java.rmi/sun.rmi.transport.tcp.TCPTransport.handleMessages(TCPTransport.java:598)
	at java.rmi/sun.rmi.transport.tcp.TCPTransport$ConnectionHandler.run0(TCPTransport.java:844)
	at java.rmi/sun.rmi.transport.tcp.TCPTransport$ConnectionHandler.lambda$run$0(TCPTransport.java:721)
	at java.base/java.security.AccessController.doPrivileged(AccessController.java:400)
	at java.rmi/sun.rmi.transport.tcp.TCPTransport$ConnectionHandler.run(TCPTransport.java:720)
	at java.base/java.util.concurrent.ThreadPoolExecutor.runWorker(ThreadPoolExecutor.java:1144)
	at java.base/java.util.concurrent.ThreadPoolExecutor$Worker.run(ThreadPoolExecutor.java:642)
	at java.base/java.lang.Thread.run(Thread.java:1583)
Caused by: com.mysql.cj.jdbc.exceptions.CommunicationsException: Communications link failure

The last packet sent successfully to the server was 0 milliseconds ago. The driver has not received any packets from the server.
	at com.mysql.cj.jdbc.exceptions.SQLError.createCommunicationsException(SQLError.java:174)
	at com.mysql.cj.jdbc.exceptions.SQLExceptionsMapping.translateException(SQLExceptionsMapping.java:64)
	at com.mysql.cj.jdbc.ConnectionImpl.createNewIO(ConnectionImpl.java:815)
	at com.mysql.cj.jdbc.ConnectionImpl.<init>(ConnectionImpl.java:438)
	at com.mysql.cj.jdbc.ConnectionImpl.getInstance(ConnectionImpl.java:241)
	at com.mysql.cj.jdbc.NonRegisteringDriver.connect(NonRegisteringDriver.java:189)
	at com.zaxxer.hikari.util.DriverDataSource.getConnection(DriverDataSource.java:137)
	at com.zaxxer.hikari.pool.PoolBase.newConnection(PoolBase.java:360)
	at com.zaxxer.hikari.pool.PoolBase.newPoolEntry(PoolBase.java:202)
	at com.zaxxer.hikari.pool.HikariPool.createPoolEntry(HikariPool.java:461)
	at com.zaxxer.hikari.pool.HikariPool.checkFailFast(HikariPool.java:550)
	at com.zaxxer.hikari.pool.HikariPool.<init>(HikariPool.java:98)
	at com.zaxxer.hikari.HikariDataSource.getConnection(HikariDataSource.java:111)
	at org.springframework.jdbc.datasource.DataSourceUtils.fetchConnection(DataSourceUtils.java:160)
	at org.springframework.jdbc.datasource.DataSourceUtils.doGetConnection(DataSourceUtils.java:118)
	at org.springframework.jdbc.datasource.DataSourceUtils.getConnection(DataSourceUtils.java:81)
	... 44 common frames omitted
Caused by: com.mysql.cj.exceptions.CJCommunicationsException: Communications link failure

The last packet sent successfully to the server was 0 milliseconds ago. The driver has not received any packets from the server.
	at java.base/jdk.internal.reflect.DirectConstructorHandleAccessor.newInstance(DirectConstructorHandleAccessor.java:62)
	at java.base/java.lang.reflect.Constructor.newInstanceWithCaller(Constructor.java:502)
	at java.base/java.lang.reflect.Constructor.newInstance(Constructor.java:486)
	at com.mysql.cj.exceptions.ExceptionFactory.createException(ExceptionFactory.java:61)
	at com.mysql.cj.exceptions.ExceptionFactory.createException(ExceptionFactory.java:104)
	at com.mysql.cj.exceptions.ExceptionFactory.createException(ExceptionFactory.java:149)
	at com.mysql.cj.exceptions.ExceptionFactory.createCommunicationsException(ExceptionFactory.java:165)
	at com.mysql.cj.protocol.a.NativeSocketConnection.connect(NativeSocketConnection.java:88)
	at com.mysql.cj.NativeSession.connect(NativeSession.java:120)
	at com.mysql.cj.jdbc.ConnectionImpl.connectOneTryOnly(ConnectionImpl.java:935)
	at com.mysql.cj.jdbc.ConnectionImpl.createNewIO(ConnectionImpl.java:805)
	... 57 common frames omitted
Caused by: java.net.ConnectException: 拒绝连接
	at java.base/sun.nio.ch.Net.pollConnect(Native Method)
	at java.base/sun.nio.ch.Net.pollConnectNow(Net.java:682)
	at java.base/sun.nio.ch.NioSocketImpl.timedFinishConnect(NioSocketImpl.java:542)
	at java.base/sun.nio.ch.NioSocketImpl.connect(NioSocketImpl.java:592)
	at java.base/java.net.SocksSocketImpl.connect(SocksSocketImpl.java:327)
	at java.base/java.net.Socket.connect(Socket.java:751)
	at com.mysql.cj.protocol.StandardSocketFactory.connect(StandardSocketFactory.java:153)
	at com.mysql.cj.protocol.a.NativeSocketConnection.connect(NativeSocketConnection.java:62)
	... 60 common frames omitted
2024-06-24 12:51:43.783 [main] INFO  c.j.s.SysMonitorCaptureApplication - Started SysMonitorCaptureApplication in 1.99 seconds (process running for 2.451)
2024-06-24 12:52:56.047 [main] INFO  c.j.s.SysMonitorCaptureApplication - Started SysMonitorCaptureApplication in 1.486 seconds (process running for 1.889)
2024-06-24 13:03:17.676 [main] INFO  c.j.s.SysMonitorCaptureApplication - Started SysMonitorCaptureApplication in 1.508 seconds (process running for 1.918)
2024-06-24 13:21:25.360 [main] INFO  c.j.s.SysMonitorCaptureApplication - Started SysMonitorCaptureApplication in 1.878 seconds (process running for 2.438)
2024-06-24 13:46:28.773 [main] INFO  c.j.s.SysMonitorCaptureApplication - Started SysMonitorCaptureApplication in 1.765 seconds (process running for 2.292)
2024-06-24 13:48:28.577 [main] INFO  c.j.s.SysMonitorCaptureApplication - Started SysMonitorCaptureApplication in 1.643 seconds (process running for 2.071)
2024-06-24 13:53:46.472 [main] INFO  c.j.s.SysMonitorCaptureApplication - Started SysMonitorCaptureApplication in 1.585 seconds (process running for 1.992)
2024-06-24 13:54:39.121 [main] INFO  c.j.s.SysMonitorCaptureApplication - Started SysMonitorCaptureApplication in 1.491 seconds (process running for 1.936)
2024-06-24 13:56:10.510 [main] INFO  c.j.s.SysMonitorCaptureApplication - Started SysMonitorCaptureApplication in 1.499 seconds (process running for 1.896)
2024-06-24 13:57:40.744 [main] INFO  c.j.s.SysMonitorCaptureApplication - Started SysMonitorCaptureApplication in 1.468 seconds (process running for 1.865)
2024-06-24 13:59:10.797 [main] INFO  c.j.s.SysMonitorCaptureApplication - Started SysMonitorCaptureApplication in 1.466 seconds (process running for 1.931)
2024-06-24 14:01:14.835 [main] INFO  c.j.s.SysMonitorCaptureApplication - Started SysMonitorCaptureApplication in 1.51 seconds (process running for 1.911)
2024-06-24 14:01:57.144 [main] INFO  c.j.s.SysMonitorCaptureApplication - Started SysMonitorCaptureApplication in 1.592 seconds (process running for 1.991)
2024-06-24 14:04:16.606 [main] INFO  c.j.s.SysMonitorCaptureApplication - Started SysMonitorCaptureApplication in 1.504 seconds (process running for 1.907)
2024-06-24 14:05:30.124 [main] INFO  c.j.s.SysMonitorCaptureApplication - Started SysMonitorCaptureApplication in 1.522 seconds (process running for 2.02)
2024-06-24 14:06:25.364 [main] INFO  c.j.s.SysMonitorCaptureApplication - Started SysMonitorCaptureApplication in 1.502 seconds (process running for 1.934)
2024-06-24 14:07:03.439 [main] INFO  c.j.s.SysMonitorCaptureApplication - Started SysMonitorCaptureApplication in 1.492 seconds (process running for 1.91)
2024-06-24 14:07:27.552 [main] INFO  c.j.s.SysMonitorCaptureApplication - Started SysMonitorCaptureApplication in 1.544 seconds (process running for 1.956)
2024-06-24 14:08:48.351 [main] INFO  c.j.s.SysMonitorCaptureApplication - Started SysMonitorCaptureApplication in 1.619 seconds (process running for 2.075)
2024-06-24 14:08:56.562 [main] INFO  c.j.s.SysMonitorCaptureApplication - Started SysMonitorCaptureApplication in 1.512 seconds (process running for 1.9)
2024-06-24 14:09:42.089 [main] INFO  c.j.s.SysMonitorCaptureApplication - Started SysMonitorCaptureApplication in 1.536 seconds (process running for 1.92)
2024-06-24 14:12:18.894 [main] INFO  c.j.s.SysMonitorCaptureApplication - Started SysMonitorCaptureApplication in 1.512 seconds (process running for 1.942)
2024-06-24 14:13:28.487 [main] INFO  c.j.s.SysMonitorCaptureApplication - Started SysMonitorCaptureApplication in 1.501 seconds (process running for 1.922)
2024-06-24 14:14:56.719 [main] INFO  c.j.s.SysMonitorCaptureApplication - Started SysMonitorCaptureApplication in 1.497 seconds (process running for 1.925)
2024-06-24 14:16:43.683 [main] INFO  c.j.s.SysMonitorCaptureApplication - Started SysMonitorCaptureApplication in 1.556 seconds (process running for 2.03)
2024-06-24 14:21:32.791 [main] INFO  c.j.s.SysMonitorCaptureApplication - Started SysMonitorCaptureApplication in 1.637 seconds (process running for 2.094)
2024-06-24 14:35:24.721 [main] INFO  c.j.s.SysMonitorCaptureApplication - Started SysMonitorCaptureApplication in 1.7 seconds (process running for 2.233)
2024-06-24 14:35:49.136 [main] INFO  c.j.s.SysMonitorCaptureApplication - Started SysMonitorCaptureApplication in 1.476 seconds (process running for 1.868)
2024-06-24 14:37:02.238 [main] INFO  c.j.s.SysMonitorCaptureApplication - Started SysMonitorCaptureApplication in 1.601 seconds (process running for 2.061)
2024-06-24 14:53:33.738 [main] INFO  c.j.s.SysMonitorCaptureApplication - Started SysMonitorCaptureApplication in 1.564 seconds (process running for 1.974)
2024-06-24 14:54:32.380 [main] INFO  c.j.s.SysMonitorCaptureApplication - Started SysMonitorCaptureApplication in 1.558 seconds (process running for 1.97)
2024-06-24 15:00:11.067 [main] INFO  c.j.s.SysMonitorCaptureApplication - Started SysMonitorCaptureApplication in 1.644 seconds (process running for 2.055)
2024-06-24 15:08:50.092 [main] INFO  c.j.s.SysMonitorCaptureApplication - Started SysMonitorCaptureApplication in 1.476 seconds (process running for 2.014)
2024-06-24 15:15:40.924 [main] INFO  c.j.s.SysMonitorCaptureApplication - Started SysMonitorCaptureApplication in 1.502 seconds (process running for 2.073)
2024-06-24 15:16:00.922 [main] INFO  c.j.s.SysMonitorCaptureApplication - Started SysMonitorCaptureApplication in 1.529 seconds (process running for 1.949)
2024-06-24 15:21:21.407 [main] INFO  c.j.s.SysMonitorCaptureApplication - Started SysMonitorCaptureApplication in 1.518 seconds (process running for 1.924)
2024-06-24 15:21:48.657 [main] INFO  c.j.s.SysMonitorCaptureApplication - Started SysMonitorCaptureApplication in 1.507 seconds (process running for 1.905)
2024-06-24 15:23:59.479 [main] INFO  c.j.s.SysMonitorCaptureApplication - Started SysMonitorCaptureApplication in 1.645 seconds (process running for 2.081)
2024-06-24 15:24:18.299 [main] INFO  c.j.s.SysMonitorCaptureApplication - Started SysMonitorCaptureApplication in 1.473 seconds (process running for 1.882)
2024-06-24 15:35:06.925 [main] INFO  c.j.s.SysMonitorCaptureApplication - Started SysMonitorCaptureApplication in 1.573 seconds (process running for 2.225)
