2024-05-31 11:02:05.382 ERROR org.springframework.boot.SpringApplication        :820  main [32m                [0;39m Application run failed
org.springframework.beans.factory.BeanCreationException: Error creating bean with name 'logService' defined in file [/usr/workspace/PerformanceMonitorSystem/collector/target/classes/com/winter/service/LogService.class]: Failed to instantiate [com.winter.service.LogService]: Constructor threw exception
	at org.springframework.beans.factory.support.AbstractAutowireCapableBeanFactory.instantiateBean(AbstractAutowireCapableBeanFactory.java:1306)
	at org.springframework.beans.factory.support.AbstractAutowireCapableBeanFactory.createBeanInstance(AbstractAutowireCapableBeanFactory.java:1198)
	at org.springframework.beans.factory.support.AbstractAutowireCapableBeanFactory.doCreateBean(AbstractAutowireCapableBeanFactory.java:561)
	at org.springframework.beans.factory.support.AbstractAutowireCapableBeanFactory.createBean(AbstractAutowireCapableBeanFactory.java:521)
	at org.springframework.beans.factory.support.AbstractBeanFactory.lambda$doGetBean$0(AbstractBeanFactory.java:326)
	at org.springframework.beans.factory.support.DefaultSingletonBeanRegistry.getSingleton(DefaultSingletonBeanRegistry.java:234)
	at org.springframework.beans.factory.support.AbstractBeanFactory.doGetBean(AbstractBeanFactory.java:324)
	at org.springframework.beans.factory.support.AbstractBeanFactory.getBean(AbstractBeanFactory.java:200)
	at org.springframework.beans.factory.support.DefaultListableBeanFactory.preInstantiateSingletons(DefaultListableBeanFactory.java:961)
	at org.springframework.context.support.AbstractApplicationContext.finishBeanFactoryInitialization(AbstractApplicationContext.java:915)
	at org.springframework.context.support.AbstractApplicationContext.refresh(AbstractApplicationContext.java:584)
	at org.springframework.boot.web.servlet.context.ServletWebServerApplicationContext.refresh(ServletWebServerApplicationContext.java:146)
	at org.springframework.boot.SpringApplication.refresh(SpringApplication.java:730)
	at org.springframework.boot.SpringApplication.refreshContext(SpringApplication.java:432)
	at org.springframework.boot.SpringApplication.run(SpringApplication.java:308)
	at com.winter.config.CollectorApplication.main(CollectorApplication.java:24)
Caused by: org.springframework.beans.BeanInstantiationException: Failed to instantiate [com.winter.service.LogService]: Constructor threw exception
	at org.springframework.beans.BeanUtils.instantiateClass(BeanUtils.java:223)
	at org.springframework.beans.factory.support.SimpleInstantiationStrategy.instantiate(SimpleInstantiationStrategy.java:87)
	at org.springframework.beans.factory.support.AbstractAutowireCapableBeanFactory.instantiateBean(AbstractAutowireCapableBeanFactory.java:1300)
	... 15 common frames omitted
Caused by: java.lang.NullPointerException: Cannot invoke "com.winter.config.CFGConfig.getFiles()" because "this.cfgConfig" is null
	at com.winter.service.LogService.<init>(LogService.java:83)
	at java.base/jdk.internal.reflect.NativeConstructorAccessorImpl.newInstance0(Native Method)
	at java.base/jdk.internal.reflect.NativeConstructorAccessorImpl.newInstance(NativeConstructorAccessorImpl.java:77)
	at java.base/jdk.internal.reflect.DelegatingConstructorAccessorImpl.newInstance(DelegatingConstructorAccessorImpl.java:45)
	at java.base/java.lang.reflect.Constructor.newInstanceWithCaller(Constructor.java:499)
	at java.base/java.lang.reflect.Constructor.newInstance(Constructor.java:480)
	at org.springframework.beans.BeanUtils.instantiateClass(BeanUtils.java:197)
	... 17 common frames omitted
2024-05-31 14:06:51.683 ERROR org.apache.rocketmq.spring.core.RocketMQTemplate  :695  quartzScheduler_Worker-9 [32m                [0;39m syncSend failed. destination:LOG_STORAGE, message:GenericMessage [payload=local_file, headers={id=a48186d4-3e7f-563e-2897-08761bf1fc1a, timestamp=1717135594801}], detail exception info: 
org.apache.rocketmq.remoting.exception.RemotingTooMuchRequestException: sendDefaultImpl call timeout
	at org.apache.rocketmq.client.impl.producer.DefaultMQProducerImpl.sendDefaultImpl(DefaultMQProducerImpl.java:717)
	at org.apache.rocketmq.client.impl.producer.DefaultMQProducerImpl.send(DefaultMQProducerImpl.java:1426)
	at org.apache.rocketmq.client.producer.DefaultMQProducer.send(DefaultMQProducer.java:370)
	at org.apache.rocketmq.spring.core.RocketMQTemplate.syncSend(RocketMQTemplate.java:688)
	at org.apache.rocketmq.spring.core.RocketMQTemplate.syncSend(RocketMQTemplate.java:488)
	at org.apache.rocketmq.spring.core.RocketMQTemplate.syncSend(RocketMQTemplate.java:721)
	at org.apache.rocketmq.spring.core.RocketMQTemplate.syncSend(RocketMQTemplate.java:708)
	at com.winter.service.StorageMonitor.execute(StorageMonitor.java:50)
	at org.quartz.core.JobRunShell.run(JobRunShell.java:202)
	at org.quartz.simpl.SimpleThreadPool$WorkerThread.run(SimpleThreadPool.java:573)
2024-05-31 14:08:03.634 ERROR org.apache.rocketmq.spring.core.RocketMQTemplate  :695  quartzScheduler_Worker-3 [32m                [0;39m syncSend failed. destination:LOG_STORAGE, message:GenericMessage [payload=local_file, headers={id=3b6bac58-8fbc-d6ec-c13e-dba5b407dc15, timestamp=1717135674419}], detail exception info: 
org.apache.rocketmq.remoting.exception.RemotingTooMuchRequestException: sendDefaultImpl call timeout
	at org.apache.rocketmq.client.impl.producer.DefaultMQProducerImpl.sendDefaultImpl(DefaultMQProducerImpl.java:717)
	at org.apache.rocketmq.client.impl.producer.DefaultMQProducerImpl.send(DefaultMQProducerImpl.java:1426)
	at org.apache.rocketmq.client.producer.DefaultMQProducer.send(DefaultMQProducer.java:370)
	at org.apache.rocketmq.spring.core.RocketMQTemplate.syncSend(RocketMQTemplate.java:688)
	at org.apache.rocketmq.spring.core.RocketMQTemplate.syncSend(RocketMQTemplate.java:488)
	at org.apache.rocketmq.spring.core.RocketMQTemplate.syncSend(RocketMQTemplate.java:721)
	at org.apache.rocketmq.spring.core.RocketMQTemplate.syncSend(RocketMQTemplate.java:708)
	at com.winter.service.StorageMonitor.execute(StorageMonitor.java:50)
	at org.quartz.core.JobRunShell.run(JobRunShell.java:202)
	at org.quartz.simpl.SimpleThreadPool$WorkerThread.run(SimpleThreadPool.java:573)
2024-05-31 14:08:38.424 ERROR org.apache.rocketmq.spring.core.RocketMQTemplate  :695  quartzScheduler_Worker-4 [32m                [0;39m syncSend failed. destination:LOG_STORAGE, message:GenericMessage [payload=local_file, headers={id=8568c354-c51e-0773-8bcf-82b1708ba0ed, timestamp=1717135711620}], detail exception info: 
org.apache.rocketmq.remoting.exception.RemotingTooMuchRequestException: sendDefaultImpl call timeout
	at org.apache.rocketmq.client.impl.producer.DefaultMQProducerImpl.sendDefaultImpl(DefaultMQProducerImpl.java:717)
	at org.apache.rocketmq.client.impl.producer.DefaultMQProducerImpl.send(DefaultMQProducerImpl.java:1426)
	at org.apache.rocketmq.client.producer.DefaultMQProducer.send(DefaultMQProducer.java:370)
	at org.apache.rocketmq.spring.core.RocketMQTemplate.syncSend(RocketMQTemplate.java:688)
	at org.apache.rocketmq.spring.core.RocketMQTemplate.syncSend(RocketMQTemplate.java:488)
	at org.apache.rocketmq.spring.core.RocketMQTemplate.syncSend(RocketMQTemplate.java:721)
	at org.apache.rocketmq.spring.core.RocketMQTemplate.syncSend(RocketMQTemplate.java:708)
	at com.winter.service.StorageMonitor.execute(StorageMonitor.java:50)
	at org.quartz.core.JobRunShell.run(JobRunShell.java:202)
	at org.quartz.simpl.SimpleThreadPool$WorkerThread.run(SimpleThreadPool.java:573)
2024-05-31 14:08:57.534 ERROR org.apache.rocketmq.spring.core.RocketMQTemplate  :695  quartzScheduler_Worker-5 [32m                [0;39m syncSend failed. destination:LOG_STORAGE, message:GenericMessage [payload=local_file, headers={id=c7c0ea22-b1f2-1d5e-bc47-982bbd33dc39, timestamp=1717135730868}], detail exception info: 
org.apache.rocketmq.remoting.exception.RemotingTooMuchRequestException: sendDefaultImpl call timeout
	at org.apache.rocketmq.client.impl.producer.DefaultMQProducerImpl.sendDefaultImpl(DefaultMQProducerImpl.java:717)
	at org.apache.rocketmq.client.impl.producer.DefaultMQProducerImpl.send(DefaultMQProducerImpl.java:1426)
	at org.apache.rocketmq.client.producer.DefaultMQProducer.send(DefaultMQProducer.java:370)
	at org.apache.rocketmq.spring.core.RocketMQTemplate.syncSend(RocketMQTemplate.java:688)
	at org.apache.rocketmq.spring.core.RocketMQTemplate.syncSend(RocketMQTemplate.java:488)
	at org.apache.rocketmq.spring.core.RocketMQTemplate.syncSend(RocketMQTemplate.java:721)
	at org.apache.rocketmq.spring.core.RocketMQTemplate.syncSend(RocketMQTemplate.java:708)
	at com.winter.service.StorageMonitor.execute(StorageMonitor.java:50)
	at org.quartz.core.JobRunShell.run(JobRunShell.java:202)
	at org.quartz.simpl.SimpleThreadPool$WorkerThread.run(SimpleThreadPool.java:573)
2024-05-31 14:09:27.980 ERROR org.apache.rocketmq.spring.core.RocketMQTemplate  :695  quartzScheduler_Worker-6 [32m                [0;39m syncSend failed. destination:LOG_STORAGE, message:GenericMessage [payload=local_file, headers={id=7ca104f9-4941-1038-e018-234ad04a358d, timestamp=1717135761058}], detail exception info: 
org.apache.rocketmq.remoting.exception.RemotingTooMuchRequestException: sendDefaultImpl call timeout
	at org.apache.rocketmq.client.impl.producer.DefaultMQProducerImpl.sendDefaultImpl(DefaultMQProducerImpl.java:717)
	at org.apache.rocketmq.client.impl.producer.DefaultMQProducerImpl.send(DefaultMQProducerImpl.java:1426)
	at org.apache.rocketmq.client.producer.DefaultMQProducer.send(DefaultMQProducer.java:370)
	at org.apache.rocketmq.spring.core.RocketMQTemplate.syncSend(RocketMQTemplate.java:688)
	at org.apache.rocketmq.spring.core.RocketMQTemplate.syncSend(RocketMQTemplate.java:488)
	at org.apache.rocketmq.spring.core.RocketMQTemplate.syncSend(RocketMQTemplate.java:721)
	at org.apache.rocketmq.spring.core.RocketMQTemplate.syncSend(RocketMQTemplate.java:708)
	at com.winter.service.StorageMonitor.execute(StorageMonitor.java:50)
	at org.quartz.core.JobRunShell.run(JobRunShell.java:202)
	at org.quartz.simpl.SimpleThreadPool$WorkerThread.run(SimpleThreadPool.java:573)
2024-05-31 14:10:15.836 ERROR org.apache.rocketmq.spring.core.RocketMQTemplate  :695  quartzScheduler_Worker-8 [32m                [0;39m syncSend failed. destination:LOG_STORAGE, message:GenericMessage [payload=local_file, headers={id=d43091ff-29b0-7723-57be-2cc51ec27491, timestamp=1717135802866}], detail exception info: 
org.apache.rocketmq.remoting.exception.RemotingTooMuchRequestException: sendDefaultImpl call timeout
	at org.apache.rocketmq.client.impl.producer.DefaultMQProducerImpl.sendDefaultImpl(DefaultMQProducerImpl.java:717)
	at org.apache.rocketmq.client.impl.producer.DefaultMQProducerImpl.send(DefaultMQProducerImpl.java:1426)
	at org.apache.rocketmq.client.producer.DefaultMQProducer.send(DefaultMQProducer.java:370)
	at org.apache.rocketmq.spring.core.RocketMQTemplate.syncSend(RocketMQTemplate.java:688)
	at org.apache.rocketmq.spring.core.RocketMQTemplate.syncSend(RocketMQTemplate.java:488)
	at org.apache.rocketmq.spring.core.RocketMQTemplate.syncSend(RocketMQTemplate.java:721)
	at org.apache.rocketmq.spring.core.RocketMQTemplate.syncSend(RocketMQTemplate.java:708)
	at com.winter.service.StorageMonitor.execute(StorageMonitor.java:50)
	at org.quartz.core.JobRunShell.run(JobRunShell.java:202)
	at org.quartz.simpl.SimpleThreadPool$WorkerThread.run(SimpleThreadPool.java:573)
2024-05-31 14:10:43.566 ERROR org.apache.rocketmq.spring.core.RocketMQTemplate  :695  quartzScheduler_Worker-9 [32m                [0;39m syncSend failed. destination:LOG_STORAGE, message:GenericMessage [payload=local_file, headers={id=3070e980-0df2-23ad-d4a3-c072e35692da, timestamp=1717135835788}], detail exception info: 
org.apache.rocketmq.remoting.exception.RemotingTooMuchRequestException: sendDefaultImpl call timeout
	at org.apache.rocketmq.client.impl.producer.DefaultMQProducerImpl.sendDefaultImpl(DefaultMQProducerImpl.java:717)
	at org.apache.rocketmq.client.impl.producer.DefaultMQProducerImpl.send(DefaultMQProducerImpl.java:1426)
	at org.apache.rocketmq.client.producer.DefaultMQProducer.send(DefaultMQProducer.java:370)
	at org.apache.rocketmq.spring.core.RocketMQTemplate.syncSend(RocketMQTemplate.java:688)
	at org.apache.rocketmq.spring.core.RocketMQTemplate.syncSend(RocketMQTemplate.java:488)
	at org.apache.rocketmq.spring.core.RocketMQTemplate.syncSend(RocketMQTemplate.java:721)
	at org.apache.rocketmq.spring.core.RocketMQTemplate.syncSend(RocketMQTemplate.java:708)
	at com.winter.service.StorageMonitor.execute(StorageMonitor.java:50)
	at org.quartz.core.JobRunShell.run(JobRunShell.java:202)
	at org.quartz.simpl.SimpleThreadPool$WorkerThread.run(SimpleThreadPool.java:573)
2024-05-31 14:11:14.333 ERROR org.apache.rocketmq.spring.core.RocketMQTemplate  :695  quartzScheduler_Worker-1 [32m                [0;39m syncSend failed. destination:LOG_STORAGE, message:GenericMessage [payload=local_file, headers={id=a7ee03cf-58c7-39e7-df5b-92239ec6706c, timestamp=1717135868928}], detail exception info: 
org.apache.rocketmq.remoting.exception.RemotingTooMuchRequestException: sendDefaultImpl call timeout
	at org.apache.rocketmq.client.impl.producer.DefaultMQProducerImpl.sendDefaultImpl(DefaultMQProducerImpl.java:717)
	at org.apache.rocketmq.client.impl.producer.DefaultMQProducerImpl.send(DefaultMQProducerImpl.java:1426)
	at org.apache.rocketmq.client.producer.DefaultMQProducer.send(DefaultMQProducer.java:370)
	at org.apache.rocketmq.spring.core.RocketMQTemplate.syncSend(RocketMQTemplate.java:688)
	at org.apache.rocketmq.spring.core.RocketMQTemplate.syncSend(RocketMQTemplate.java:488)
	at org.apache.rocketmq.spring.core.RocketMQTemplate.syncSend(RocketMQTemplate.java:721)
	at org.apache.rocketmq.spring.core.RocketMQTemplate.syncSend(RocketMQTemplate.java:708)
	at com.winter.service.StorageMonitor.execute(StorageMonitor.java:50)
	at org.quartz.core.JobRunShell.run(JobRunShell.java:202)
	at org.quartz.simpl.SimpleThreadPool$WorkerThread.run(SimpleThreadPool.java:573)
2024-05-31 14:12:52.306 ERROR org.apache.rocketmq.spring.core.RocketMQTemplate  :695  quartzScheduler_Worker-8 [32m                [0;39m syncSend failed. destination:LOG_STORAGE, message:GenericMessage [payload=local_file, headers={id=f63801ad-a21f-9c1f-2d63-a65a63a6eb39, timestamp=1717135962208}], detail exception info: 
org.apache.rocketmq.remoting.exception.RemotingTooMuchRequestException: sendDefaultImpl call timeout
	at org.apache.rocketmq.client.impl.producer.DefaultMQProducerImpl.sendDefaultImpl(DefaultMQProducerImpl.java:717)
	at org.apache.rocketmq.client.impl.producer.DefaultMQProducerImpl.send(DefaultMQProducerImpl.java:1426)
	at org.apache.rocketmq.client.producer.DefaultMQProducer.send(DefaultMQProducer.java:370)
	at org.apache.rocketmq.spring.core.RocketMQTemplate.syncSend(RocketMQTemplate.java:688)
	at org.apache.rocketmq.spring.core.RocketMQTemplate.syncSend(RocketMQTemplate.java:488)
	at org.apache.rocketmq.spring.core.RocketMQTemplate.syncSend(RocketMQTemplate.java:721)
	at org.apache.rocketmq.spring.core.RocketMQTemplate.syncSend(RocketMQTemplate.java:708)
	at com.winter.service.StorageMonitor.execute(StorageMonitor.java:50)
	at org.quartz.core.JobRunShell.run(JobRunShell.java:202)
	at org.quartz.simpl.SimpleThreadPool$WorkerThread.run(SimpleThreadPool.java:573)
2024-05-31 14:13:14.325 ERROR org.apache.rocketmq.spring.core.RocketMQTemplate  :695  quartzScheduler_Worker-10 [32m                [0;39m syncSend failed. destination:LOG_STORAGE, message:GenericMessage [payload=local_file, headers={id=e5e374a5-1cfc-9482-ed63-9244acbb9a9d, timestamp=1717135988655}], detail exception info: 
org.apache.rocketmq.remoting.exception.RemotingTooMuchRequestException: sendDefaultImpl call timeout
	at org.apache.rocketmq.client.impl.producer.DefaultMQProducerImpl.sendDefaultImpl(DefaultMQProducerImpl.java:717)
	at org.apache.rocketmq.client.impl.producer.DefaultMQProducerImpl.send(DefaultMQProducerImpl.java:1426)
	at org.apache.rocketmq.client.producer.DefaultMQProducer.send(DefaultMQProducer.java:370)
	at org.apache.rocketmq.spring.core.RocketMQTemplate.syncSend(RocketMQTemplate.java:688)
	at org.apache.rocketmq.spring.core.RocketMQTemplate.syncSend(RocketMQTemplate.java:488)
	at org.apache.rocketmq.spring.core.RocketMQTemplate.syncSend(RocketMQTemplate.java:721)
	at org.apache.rocketmq.spring.core.RocketMQTemplate.syncSend(RocketMQTemplate.java:708)
	at com.winter.service.StorageMonitor.execute(StorageMonitor.java:50)
	at org.quartz.core.JobRunShell.run(JobRunShell.java:202)
	at org.quartz.simpl.SimpleThreadPool$WorkerThread.run(SimpleThreadPool.java:573)
2024-05-31 14:13:37.554 ERROR org.apache.rocketmq.spring.core.RocketMQTemplate  :695  quartzScheduler_Worker-3 [32m                [0;39m syncSend failed. destination:LOG_STORAGE, message:GenericMessage [payload=local_file, headers={id=3b341200-be08-3bd7-cc21-8c227a7e2d02, timestamp=1717136010772}], detail exception info: 
org.apache.rocketmq.remoting.exception.RemotingTooMuchRequestException: sendDefaultImpl call timeout
	at org.apache.rocketmq.client.impl.producer.DefaultMQProducerImpl.sendDefaultImpl(DefaultMQProducerImpl.java:717)
	at org.apache.rocketmq.client.impl.producer.DefaultMQProducerImpl.send(DefaultMQProducerImpl.java:1426)
	at org.apache.rocketmq.client.producer.DefaultMQProducer.send(DefaultMQProducer.java:370)
	at org.apache.rocketmq.spring.core.RocketMQTemplate.syncSend(RocketMQTemplate.java:688)
	at org.apache.rocketmq.spring.core.RocketMQTemplate.syncSend(RocketMQTemplate.java:488)
	at org.apache.rocketmq.spring.core.RocketMQTemplate.syncSend(RocketMQTemplate.java:721)
	at org.apache.rocketmq.spring.core.RocketMQTemplate.syncSend(RocketMQTemplate.java:708)
	at com.winter.service.StorageMonitor.execute(StorageMonitor.java:50)
	at org.quartz.core.JobRunShell.run(JobRunShell.java:202)
	at org.quartz.simpl.SimpleThreadPool$WorkerThread.run(SimpleThreadPool.java:573)
2024-05-31 14:13:59.731 ERROR org.apache.rocketmq.spring.core.RocketMQTemplate  :695  quartzScheduler_Worker-2 [32m                [0;39m syncSend failed. destination:LOG_STORAGE, message:GenericMessage [payload=local_file, headers={id=fa5ecee6-65b3-c18d-1f75-b47727acd2d0, timestamp=1717136033652}], detail exception info: 
org.apache.rocketmq.remoting.exception.RemotingTooMuchRequestException: sendDefaultImpl call timeout
	at org.apache.rocketmq.client.impl.producer.DefaultMQProducerImpl.sendDefaultImpl(DefaultMQProducerImpl.java:717)
	at org.apache.rocketmq.client.impl.producer.DefaultMQProducerImpl.send(DefaultMQProducerImpl.java:1426)
	at org.apache.rocketmq.client.producer.DefaultMQProducer.send(DefaultMQProducer.java:370)
	at org.apache.rocketmq.spring.core.RocketMQTemplate.syncSend(RocketMQTemplate.java:688)
	at org.apache.rocketmq.spring.core.RocketMQTemplate.syncSend(RocketMQTemplate.java:488)
	at org.apache.rocketmq.spring.core.RocketMQTemplate.syncSend(RocketMQTemplate.java:721)
	at org.apache.rocketmq.spring.core.RocketMQTemplate.syncSend(RocketMQTemplate.java:708)
	at com.winter.service.StorageMonitor.execute(StorageMonitor.java:50)
	at org.quartz.core.JobRunShell.run(JobRunShell.java:202)
	at org.quartz.simpl.SimpleThreadPool$WorkerThread.run(SimpleThreadPool.java:573)
2024-05-31 14:14:11.725 ERROR org.apache.rocketmq.spring.core.RocketMQTemplate  :695  quartzScheduler_Worker-5 [32m                [0;39m syncSend failed. destination:LOG_STORAGE, message:GenericMessage [payload=local_file, headers={id=dafaf258-95bb-01e5-0d51-19c654e63797, timestamp=1717136044438}], detail exception info: 
org.apache.rocketmq.remoting.exception.RemotingTooMuchRequestException: sendDefaultImpl call timeout
	at org.apache.rocketmq.client.impl.producer.DefaultMQProducerImpl.sendDefaultImpl(DefaultMQProducerImpl.java:717)
	at org.apache.rocketmq.client.impl.producer.DefaultMQProducerImpl.send(DefaultMQProducerImpl.java:1426)
	at org.apache.rocketmq.client.producer.DefaultMQProducer.send(DefaultMQProducer.java:370)
	at org.apache.rocketmq.spring.core.RocketMQTemplate.syncSend(RocketMQTemplate.java:688)
	at org.apache.rocketmq.spring.core.RocketMQTemplate.syncSend(RocketMQTemplate.java:488)
	at org.apache.rocketmq.spring.core.RocketMQTemplate.syncSend(RocketMQTemplate.java:721)
	at org.apache.rocketmq.spring.core.RocketMQTemplate.syncSend(RocketMQTemplate.java:708)
	at com.winter.service.StorageMonitor.execute(StorageMonitor.java:50)
	at org.quartz.core.JobRunShell.run(JobRunShell.java:202)
	at org.quartz.simpl.SimpleThreadPool$WorkerThread.run(SimpleThreadPool.java:573)
2024-05-31 14:14:26.469 ERROR org.apache.rocketmq.spring.core.RocketMQTemplate  :695  quartzScheduler_Worker-6 [32m                [0;39m syncSend failed. destination:LOG_STORAGE, message:GenericMessage [payload=local_file, headers={id=c5025d29-f242-8c15-12ca-a63c637700a1, timestamp=1717136060889}], detail exception info: 
org.apache.rocketmq.remoting.exception.RemotingTooMuchRequestException: sendDefaultImpl call timeout
	at org.apache.rocketmq.client.impl.producer.DefaultMQProducerImpl.sendDefaultImpl(DefaultMQProducerImpl.java:717)
	at org.apache.rocketmq.client.impl.producer.DefaultMQProducerImpl.send(DefaultMQProducerImpl.java:1426)
	at org.apache.rocketmq.client.producer.DefaultMQProducer.send(DefaultMQProducer.java:370)
	at org.apache.rocketmq.spring.core.RocketMQTemplate.syncSend(RocketMQTemplate.java:688)
	at org.apache.rocketmq.spring.core.RocketMQTemplate.syncSend(RocketMQTemplate.java:488)
	at org.apache.rocketmq.spring.core.RocketMQTemplate.syncSend(RocketMQTemplate.java:721)
	at org.apache.rocketmq.spring.core.RocketMQTemplate.syncSend(RocketMQTemplate.java:708)
	at com.winter.service.StorageMonitor.execute(StorageMonitor.java:50)
	at org.quartz.core.JobRunShell.run(JobRunShell.java:202)
	at org.quartz.simpl.SimpleThreadPool$WorkerThread.run(SimpleThreadPool.java:573)
2024-05-31 14:15:20.328 ERROR org.apache.rocketmq.spring.core.RocketMQTemplate  :695  quartzScheduler_Worker-3 [32m                [0;39m syncSend failed. destination:LOG_STORAGE, message:GenericMessage [payload=local_file, headers={id=7c433eb2-39ff-efc9-e8ec-f5c7b9ddf3f5, timestamp=1717136109042}], detail exception info: 
org.apache.rocketmq.remoting.exception.RemotingTooMuchRequestException: sendDefaultImpl call timeout
	at org.apache.rocketmq.client.impl.producer.DefaultMQProducerImpl.sendDefaultImpl(DefaultMQProducerImpl.java:717)
	at org.apache.rocketmq.client.impl.producer.DefaultMQProducerImpl.send(DefaultMQProducerImpl.java:1426)
	at org.apache.rocketmq.client.producer.DefaultMQProducer.send(DefaultMQProducer.java:370)
	at org.apache.rocketmq.spring.core.RocketMQTemplate.syncSend(RocketMQTemplate.java:688)
	at org.apache.rocketmq.spring.core.RocketMQTemplate.syncSend(RocketMQTemplate.java:488)
	at org.apache.rocketmq.spring.core.RocketMQTemplate.syncSend(RocketMQTemplate.java:721)
	at org.apache.rocketmq.spring.core.RocketMQTemplate.syncSend(RocketMQTemplate.java:708)
	at com.winter.service.StorageMonitor.execute(StorageMonitor.java:50)
	at org.quartz.core.JobRunShell.run(JobRunShell.java:202)
	at org.quartz.simpl.SimpleThreadPool$WorkerThread.run(SimpleThreadPool.java:573)
2024-05-31 14:16:16.833 ERROR org.apache.rocketmq.spring.core.RocketMQTemplate  :695  quartzScheduler_Worker-2 [32m                [0;39m syncSend failed. destination:LOG_STORAGE, message:GenericMessage [payload=local_file, headers={id=4d741e7e-1d40-629e-2ba5-4658003f7450, timestamp=1717136166466}], detail exception info: 
org.apache.rocketmq.remoting.exception.RemotingTooMuchRequestException: sendDefaultImpl call timeout
	at org.apache.rocketmq.client.impl.producer.DefaultMQProducerImpl.sendDefaultImpl(DefaultMQProducerImpl.java:717)
	at org.apache.rocketmq.client.impl.producer.DefaultMQProducerImpl.send(DefaultMQProducerImpl.java:1426)
	at org.apache.rocketmq.client.producer.DefaultMQProducer.send(DefaultMQProducer.java:370)
	at org.apache.rocketmq.spring.core.RocketMQTemplate.syncSend(RocketMQTemplate.java:688)
	at org.apache.rocketmq.spring.core.RocketMQTemplate.syncSend(RocketMQTemplate.java:488)
	at org.apache.rocketmq.spring.core.RocketMQTemplate.syncSend(RocketMQTemplate.java:721)
	at org.apache.rocketmq.spring.core.RocketMQTemplate.syncSend(RocketMQTemplate.java:708)
	at com.winter.service.StorageMonitor.execute(StorageMonitor.java:50)
	at org.quartz.core.JobRunShell.run(JobRunShell.java:202)
	at org.quartz.simpl.SimpleThreadPool$WorkerThread.run(SimpleThreadPool.java:573)
2024-05-31 14:16:29.020 ERROR org.apache.rocketmq.spring.core.RocketMQTemplate  :695  quartzScheduler_Worker-5 [32m                [0;39m syncSend failed. destination:LOG_STORAGE, message:GenericMessage [payload=local_file, headers={id=490e0c1a-090a-fb1f-5b18-96c2168c76d6, timestamp=1717136181628}], detail exception info: 
org.apache.rocketmq.remoting.exception.RemotingTooMuchRequestException: sendDefaultImpl call timeout
	at org.apache.rocketmq.client.impl.producer.DefaultMQProducerImpl.sendDefaultImpl(DefaultMQProducerImpl.java:717)
	at org.apache.rocketmq.client.impl.producer.DefaultMQProducerImpl.send(DefaultMQProducerImpl.java:1426)
	at org.apache.rocketmq.client.producer.DefaultMQProducer.send(DefaultMQProducer.java:370)
	at org.apache.rocketmq.spring.core.RocketMQTemplate.syncSend(RocketMQTemplate.java:688)
	at org.apache.rocketmq.spring.core.RocketMQTemplate.syncSend(RocketMQTemplate.java:488)
	at org.apache.rocketmq.spring.core.RocketMQTemplate.syncSend(RocketMQTemplate.java:721)
	at org.apache.rocketmq.spring.core.RocketMQTemplate.syncSend(RocketMQTemplate.java:708)
	at com.winter.service.StorageMonitor.execute(StorageMonitor.java:50)
	at org.quartz.core.JobRunShell.run(JobRunShell.java:202)
	at org.quartz.simpl.SimpleThreadPool$WorkerThread.run(SimpleThreadPool.java:573)
2024-05-31 14:17:05.673 ERROR org.apache.rocketmq.spring.core.RocketMQTemplate  :695  quartzScheduler_Worker-7 [32m                [0;39m syncSend failed. destination:LOG_STORAGE, message:GenericMessage [payload=local_file, headers={id=141a8589-fba5-d123-6c2b-68f774a22de5, timestamp=1717136210454}], detail exception info: 
org.apache.rocketmq.remoting.exception.RemotingTooMuchRequestException: sendDefaultImpl call timeout
	at org.apache.rocketmq.client.impl.producer.DefaultMQProducerImpl.sendDefaultImpl(DefaultMQProducerImpl.java:717)
	at org.apache.rocketmq.client.impl.producer.DefaultMQProducerImpl.send(DefaultMQProducerImpl.java:1426)
	at org.apache.rocketmq.client.producer.DefaultMQProducer.send(DefaultMQProducer.java:370)
	at org.apache.rocketmq.spring.core.RocketMQTemplate.syncSend(RocketMQTemplate.java:688)
	at org.apache.rocketmq.spring.core.RocketMQTemplate.syncSend(RocketMQTemplate.java:488)
	at org.apache.rocketmq.spring.core.RocketMQTemplate.syncSend(RocketMQTemplate.java:721)
	at org.apache.rocketmq.spring.core.RocketMQTemplate.syncSend(RocketMQTemplate.java:708)
	at com.winter.service.StorageMonitor.execute(StorageMonitor.java:50)
	at org.quartz.core.JobRunShell.run(JobRunShell.java:202)
	at org.quartz.simpl.SimpleThreadPool$WorkerThread.run(SimpleThreadPool.java:573)
2024-05-31 14:18:28.607 ERROR org.apache.rocketmq.spring.core.RocketMQTemplate  :695  quartzScheduler_Worker-8 [32m                [0;39m syncSend failed. destination:LOG_STORAGE, message:GenericMessage [payload=local_file, headers={id=04d606c8-97f2-d6fa-24d2-864ada276393, timestamp=1717136282205}], detail exception info: 
org.apache.rocketmq.remoting.exception.RemotingTooMuchRequestException: sendDefaultImpl call timeout
	at org.apache.rocketmq.client.impl.producer.DefaultMQProducerImpl.sendDefaultImpl(DefaultMQProducerImpl.java:717)
	at org.apache.rocketmq.client.impl.producer.DefaultMQProducerImpl.send(DefaultMQProducerImpl.java:1426)
	at org.apache.rocketmq.client.producer.DefaultMQProducer.send(DefaultMQProducer.java:370)
	at org.apache.rocketmq.spring.core.RocketMQTemplate.syncSend(RocketMQTemplate.java:688)
	at org.apache.rocketmq.spring.core.RocketMQTemplate.syncSend(RocketMQTemplate.java:488)
	at org.apache.rocketmq.spring.core.RocketMQTemplate.syncSend(RocketMQTemplate.java:721)
	at org.apache.rocketmq.spring.core.RocketMQTemplate.syncSend(RocketMQTemplate.java:708)
	at com.winter.service.StorageMonitor.execute(StorageMonitor.java:50)
	at org.quartz.core.JobRunShell.run(JobRunShell.java:202)
	at org.quartz.simpl.SimpleThreadPool$WorkerThread.run(SimpleThreadPool.java:573)
2024-05-31 14:19:16.903 ERROR org.apache.rocketmq.spring.core.RocketMQTemplate  :695  quartzScheduler_Worker-10 [32m                [0;39m syncSend failed. destination:LOG_STORAGE, message:GenericMessage [payload=local_file, headers={id=a43853da-a2f4-ac8d-a195-9d2fccce86b8, timestamp=1717136347827}], detail exception info: 
org.apache.rocketmq.remoting.exception.RemotingTooMuchRequestException: sendDefaultImpl call timeout
	at org.apache.rocketmq.client.impl.producer.DefaultMQProducerImpl.sendDefaultImpl(DefaultMQProducerImpl.java:717)
	at org.apache.rocketmq.client.impl.producer.DefaultMQProducerImpl.send(DefaultMQProducerImpl.java:1426)
	at org.apache.rocketmq.client.producer.DefaultMQProducer.send(DefaultMQProducer.java:370)
	at org.apache.rocketmq.spring.core.RocketMQTemplate.syncSend(RocketMQTemplate.java:688)
	at org.apache.rocketmq.spring.core.RocketMQTemplate.syncSend(RocketMQTemplate.java:488)
	at org.apache.rocketmq.spring.core.RocketMQTemplate.syncSend(RocketMQTemplate.java:721)
	at org.apache.rocketmq.spring.core.RocketMQTemplate.syncSend(RocketMQTemplate.java:708)
	at com.winter.service.StorageMonitor.execute(StorageMonitor.java:50)
	at org.quartz.core.JobRunShell.run(JobRunShell.java:202)
	at org.quartz.simpl.SimpleThreadPool$WorkerThread.run(SimpleThreadPool.java:573)
2024-05-31 14:20:10.591 ERROR org.apache.rocketmq.spring.core.RocketMQTemplate  :695  quartzScheduler_Worker-2 [32m                [0;39m syncSend failed. destination:LOG_STORAGE, message:GenericMessage [payload=local_file, headers={id=3343f490-86f7-af38-d06a-4f1310abb1b7, timestamp=1717136397005}], detail exception info: 
org.apache.rocketmq.remoting.exception.RemotingTooMuchRequestException: sendDefaultImpl call timeout
	at org.apache.rocketmq.client.impl.producer.DefaultMQProducerImpl.sendDefaultImpl(DefaultMQProducerImpl.java:717)
	at org.apache.rocketmq.client.impl.producer.DefaultMQProducerImpl.send(DefaultMQProducerImpl.java:1426)
	at org.apache.rocketmq.client.producer.DefaultMQProducer.send(DefaultMQProducer.java:370)
	at org.apache.rocketmq.spring.core.RocketMQTemplate.syncSend(RocketMQTemplate.java:688)
	at org.apache.rocketmq.spring.core.RocketMQTemplate.syncSend(RocketMQTemplate.java:488)
	at org.apache.rocketmq.spring.core.RocketMQTemplate.syncSend(RocketMQTemplate.java:721)
	at org.apache.rocketmq.spring.core.RocketMQTemplate.syncSend(RocketMQTemplate.java:708)
	at com.winter.service.StorageMonitor.execute(StorageMonitor.java:50)
	at org.quartz.core.JobRunShell.run(JobRunShell.java:202)
	at org.quartz.simpl.SimpleThreadPool$WorkerThread.run(SimpleThreadPool.java:573)
2024-05-31 14:20:42.349 ERROR org.apache.rocketmq.spring.core.RocketMQTemplate  :695  quartzScheduler_Worker-5 [32m                [0;39m syncSend failed. destination:LOG_STORAGE, message:GenericMessage [payload=local_file, headers={id=2324e797-d23d-d306-f7d8-c06731960f73, timestamp=1717136434380}], detail exception info: 
org.apache.rocketmq.remoting.exception.RemotingTooMuchRequestException: sendDefaultImpl call timeout
	at org.apache.rocketmq.client.impl.producer.DefaultMQProducerImpl.sendDefaultImpl(DefaultMQProducerImpl.java:717)
	at org.apache.rocketmq.client.impl.producer.DefaultMQProducerImpl.send(DefaultMQProducerImpl.java:1426)
	at org.apache.rocketmq.client.producer.DefaultMQProducer.send(DefaultMQProducer.java:370)
	at org.apache.rocketmq.spring.core.RocketMQTemplate.syncSend(RocketMQTemplate.java:688)
	at org.apache.rocketmq.spring.core.RocketMQTemplate.syncSend(RocketMQTemplate.java:488)
	at org.apache.rocketmq.spring.core.RocketMQTemplate.syncSend(RocketMQTemplate.java:721)
	at org.apache.rocketmq.spring.core.RocketMQTemplate.syncSend(RocketMQTemplate.java:708)
	at com.winter.service.StorageMonitor.execute(StorageMonitor.java:50)
	at org.quartz.core.JobRunShell.run(JobRunShell.java:202)
	at org.quartz.simpl.SimpleThreadPool$WorkerThread.run(SimpleThreadPool.java:573)
2024-05-31 14:21:52.478 ERROR org.apache.rocketmq.spring.core.RocketMQTemplate  :695  quartzScheduler_Worker-7 [32m                [0;39m syncSend failed. destination:LOG_STORAGE, message:GenericMessage [payload=local_file, headers={id=9a299942-b741-335c-2c70-d020ffa36028, timestamp=1717136500959}], detail exception info: 
org.apache.rocketmq.remoting.exception.RemotingTooMuchRequestException: sendDefaultImpl call timeout
	at org.apache.rocketmq.client.impl.producer.DefaultMQProducerImpl.sendDefaultImpl(DefaultMQProducerImpl.java:717)
	at org.apache.rocketmq.client.impl.producer.DefaultMQProducerImpl.send(DefaultMQProducerImpl.java:1426)
	at org.apache.rocketmq.client.producer.DefaultMQProducer.send(DefaultMQProducer.java:370)
	at org.apache.rocketmq.spring.core.RocketMQTemplate.syncSend(RocketMQTemplate.java:688)
	at org.apache.rocketmq.spring.core.RocketMQTemplate.syncSend(RocketMQTemplate.java:488)
	at org.apache.rocketmq.spring.core.RocketMQTemplate.syncSend(RocketMQTemplate.java:721)
	at org.apache.rocketmq.spring.core.RocketMQTemplate.syncSend(RocketMQTemplate.java:708)
	at com.winter.service.StorageMonitor.execute(StorageMonitor.java:50)
	at org.quartz.core.JobRunShell.run(JobRunShell.java:202)
	at org.quartz.simpl.SimpleThreadPool$WorkerThread.run(SimpleThreadPool.java:573)
2024-05-31 14:23:20.509 ERROR org.apache.rocketmq.spring.core.RocketMQTemplate  :695  quartzScheduler_Worker-3 [32m                [0;39m syncSend failed. destination:LOG_STORAGE, message:GenericMessage [payload=local_file, headers={id=bda2dbdb-10d2-290d-fac9-668c091cbf48, timestamp=1717136591520}], detail exception info: 
org.apache.rocketmq.remoting.exception.RemotingTooMuchRequestException: sendDefaultImpl call timeout
	at org.apache.rocketmq.client.impl.producer.DefaultMQProducerImpl.sendDefaultImpl(DefaultMQProducerImpl.java:717)
	at org.apache.rocketmq.client.impl.producer.DefaultMQProducerImpl.send(DefaultMQProducerImpl.java:1426)
	at org.apache.rocketmq.client.producer.DefaultMQProducer.send(DefaultMQProducer.java:370)
	at org.apache.rocketmq.spring.core.RocketMQTemplate.syncSend(RocketMQTemplate.java:688)
	at org.apache.rocketmq.spring.core.RocketMQTemplate.syncSend(RocketMQTemplate.java:488)
	at org.apache.rocketmq.spring.core.RocketMQTemplate.syncSend(RocketMQTemplate.java:721)
	at org.apache.rocketmq.spring.core.RocketMQTemplate.syncSend(RocketMQTemplate.java:708)
	at com.winter.service.StorageMonitor.execute(StorageMonitor.java:50)
	at org.quartz.core.JobRunShell.run(JobRunShell.java:202)
	at org.quartz.simpl.SimpleThreadPool$WorkerThread.run(SimpleThreadPool.java:573)
2024-05-31 14:24:24.112 ERROR org.apache.rocketmq.spring.core.RocketMQTemplate  :695  quartzScheduler_Worker-6 [32m                [0;39m syncSend failed. destination:LOG_STORAGE, message:GenericMessage [payload=local_file, headers={id=9412e0c3-5b62-84e9-1d3d-c0a6c45f7d33, timestamp=1717136655773}], detail exception info: 
org.apache.rocketmq.remoting.exception.RemotingTooMuchRequestException: sendDefaultImpl call timeout
	at org.apache.rocketmq.client.impl.producer.DefaultMQProducerImpl.sendDefaultImpl(DefaultMQProducerImpl.java:717)
	at org.apache.rocketmq.client.impl.producer.DefaultMQProducerImpl.send(DefaultMQProducerImpl.java:1426)
	at org.apache.rocketmq.client.producer.DefaultMQProducer.send(DefaultMQProducer.java:370)
	at org.apache.rocketmq.spring.core.RocketMQTemplate.syncSend(RocketMQTemplate.java:688)
	at org.apache.rocketmq.spring.core.RocketMQTemplate.syncSend(RocketMQTemplate.java:488)
	at org.apache.rocketmq.spring.core.RocketMQTemplate.syncSend(RocketMQTemplate.java:721)
	at org.apache.rocketmq.spring.core.RocketMQTemplate.syncSend(RocketMQTemplate.java:708)
	at com.winter.service.StorageMonitor.execute(StorageMonitor.java:50)
	at org.quartz.core.JobRunShell.run(JobRunShell.java:202)
	at org.quartz.simpl.SimpleThreadPool$WorkerThread.run(SimpleThreadPool.java:573)
2024-05-31 14:24:44.193 ERROR org.apache.rocketmq.spring.core.RocketMQTemplate  :695  quartzScheduler_Worker-8 [32m                [0;39m syncSend failed. destination:LOG_STORAGE, message:GenericMessage [payload=local_file, headers={id=0b5847a7-befd-8b48-dd30-c3da421a308f, timestamp=1717136677918}], detail exception info: 
org.apache.rocketmq.remoting.exception.RemotingTooMuchRequestException: sendDefaultImpl call timeout
	at org.apache.rocketmq.client.impl.producer.DefaultMQProducerImpl.sendDefaultImpl(DefaultMQProducerImpl.java:717)
	at org.apache.rocketmq.client.impl.producer.DefaultMQProducerImpl.send(DefaultMQProducerImpl.java:1426)
	at org.apache.rocketmq.client.producer.DefaultMQProducer.send(DefaultMQProducer.java:370)
	at org.apache.rocketmq.spring.core.RocketMQTemplate.syncSend(RocketMQTemplate.java:688)
	at org.apache.rocketmq.spring.core.RocketMQTemplate.syncSend(RocketMQTemplate.java:488)
	at org.apache.rocketmq.spring.core.RocketMQTemplate.syncSend(RocketMQTemplate.java:721)
	at org.apache.rocketmq.spring.core.RocketMQTemplate.syncSend(RocketMQTemplate.java:708)
	at com.winter.service.StorageMonitor.execute(StorageMonitor.java:50)
	at org.quartz.core.JobRunShell.run(JobRunShell.java:202)
	at org.quartz.simpl.SimpleThreadPool$WorkerThread.run(SimpleThreadPool.java:573)
2024-05-31 14:25:10.420 ERROR org.apache.rocketmq.spring.core.RocketMQTemplate  :695  quartzScheduler_Worker-10 [32m                [0;39m syncSend failed. destination:LOG_STORAGE, message:GenericMessage [payload=local_file, headers={id=8f7494e8-5bd7-491e-39b8-1cc67603124d, timestamp=1717136704976}], detail exception info: 
org.apache.rocketmq.remoting.exception.RemotingTooMuchRequestException: sendDefaultImpl call timeout
	at org.apache.rocketmq.client.impl.producer.DefaultMQProducerImpl.sendDefaultImpl(DefaultMQProducerImpl.java:717)
	at org.apache.rocketmq.client.impl.producer.DefaultMQProducerImpl.send(DefaultMQProducerImpl.java:1426)
	at org.apache.rocketmq.client.producer.DefaultMQProducer.send(DefaultMQProducer.java:370)
	at org.apache.rocketmq.spring.core.RocketMQTemplate.syncSend(RocketMQTemplate.java:688)
	at org.apache.rocketmq.spring.core.RocketMQTemplate.syncSend(RocketMQTemplate.java:488)
	at org.apache.rocketmq.spring.core.RocketMQTemplate.syncSend(RocketMQTemplate.java:721)
	at org.apache.rocketmq.spring.core.RocketMQTemplate.syncSend(RocketMQTemplate.java:708)
	at com.winter.service.StorageMonitor.execute(StorageMonitor.java:50)
	at org.quartz.core.JobRunShell.run(JobRunShell.java:202)
	at org.quartz.simpl.SimpleThreadPool$WorkerThread.run(SimpleThreadPool.java:573)
2024-05-31 14:26:07.951 ERROR org.apache.rocketmq.spring.core.RocketMQTemplate  :695  quartzScheduler_Worker-2 [32m                [0;39m syncSend failed. destination:LOG_STORAGE, message:GenericMessage [payload=local_file, headers={id=1a844d2b-a984-c6c9-3b17-626e12064bd8, timestamp=1717136756663}], detail exception info: 
org.apache.rocketmq.remoting.exception.RemotingTooMuchRequestException: sendDefaultImpl call timeout
	at org.apache.rocketmq.client.impl.producer.DefaultMQProducerImpl.sendDefaultImpl(DefaultMQProducerImpl.java:717)
	at org.apache.rocketmq.client.impl.producer.DefaultMQProducerImpl.send(DefaultMQProducerImpl.java:1426)
	at org.apache.rocketmq.client.producer.DefaultMQProducer.send(DefaultMQProducer.java:370)
	at org.apache.rocketmq.spring.core.RocketMQTemplate.syncSend(RocketMQTemplate.java:688)
	at org.apache.rocketmq.spring.core.RocketMQTemplate.syncSend(RocketMQTemplate.java:488)
	at org.apache.rocketmq.spring.core.RocketMQTemplate.syncSend(RocketMQTemplate.java:721)
	at org.apache.rocketmq.spring.core.RocketMQTemplate.syncSend(RocketMQTemplate.java:708)
	at com.winter.service.StorageMonitor.execute(StorageMonitor.java:50)
	at org.quartz.core.JobRunShell.run(JobRunShell.java:202)
	at org.quartz.simpl.SimpleThreadPool$WorkerThread.run(SimpleThreadPool.java:573)
2024-05-31 14:26:33.302 ERROR org.apache.rocketmq.spring.core.RocketMQTemplate  :695  quartzScheduler_Worker-1 [32m                [0;39m syncSend failed. destination:LOG_STORAGE, message:GenericMessage [payload=local_file, headers={id=5bebb583-c147-e4d7-c56b-224f0e4489f8, timestamp=1717136784723}], detail exception info: 
org.apache.rocketmq.remoting.exception.RemotingTooMuchRequestException: sendDefaultImpl call timeout
	at org.apache.rocketmq.client.impl.producer.DefaultMQProducerImpl.sendDefaultImpl(DefaultMQProducerImpl.java:717)
	at org.apache.rocketmq.client.impl.producer.DefaultMQProducerImpl.send(DefaultMQProducerImpl.java:1426)
	at org.apache.rocketmq.client.producer.DefaultMQProducer.send(DefaultMQProducer.java:370)
	at org.apache.rocketmq.spring.core.RocketMQTemplate.syncSend(RocketMQTemplate.java:688)
	at org.apache.rocketmq.spring.core.RocketMQTemplate.syncSend(RocketMQTemplate.java:488)
	at org.apache.rocketmq.spring.core.RocketMQTemplate.syncSend(RocketMQTemplate.java:721)
	at org.apache.rocketmq.spring.core.RocketMQTemplate.syncSend(RocketMQTemplate.java:708)
	at com.winter.service.StorageMonitor.execute(StorageMonitor.java:50)
	at org.quartz.core.JobRunShell.run(JobRunShell.java:202)
	at org.quartz.simpl.SimpleThreadPool$WorkerThread.run(SimpleThreadPool.java:573)
2024-05-31 14:26:58.702 ERROR org.apache.rocketmq.spring.core.RocketMQTemplate  :695  quartzScheduler_Worker-4 [32m                [0;39m syncSend failed. destination:LOG_STORAGE, message:GenericMessage [payload=local_file, headers={id=353aa36c-e37f-82c0-0994-106f253beff7, timestamp=1717136808335}], detail exception info: 
org.apache.rocketmq.remoting.exception.RemotingTooMuchRequestException: sendDefaultImpl call timeout
	at org.apache.rocketmq.client.impl.producer.DefaultMQProducerImpl.sendDefaultImpl(DefaultMQProducerImpl.java:717)
	at org.apache.rocketmq.client.impl.producer.DefaultMQProducerImpl.send(DefaultMQProducerImpl.java:1426)
	at org.apache.rocketmq.client.producer.DefaultMQProducer.send(DefaultMQProducer.java:370)
	at org.apache.rocketmq.spring.core.RocketMQTemplate.syncSend(RocketMQTemplate.java:688)
	at org.apache.rocketmq.spring.core.RocketMQTemplate.syncSend(RocketMQTemplate.java:488)
	at org.apache.rocketmq.spring.core.RocketMQTemplate.syncSend(RocketMQTemplate.java:721)
	at org.apache.rocketmq.spring.core.RocketMQTemplate.syncSend(RocketMQTemplate.java:708)
	at com.winter.service.StorageMonitor.execute(StorageMonitor.java:50)
	at org.quartz.core.JobRunShell.run(JobRunShell.java:202)
	at org.quartz.simpl.SimpleThreadPool$WorkerThread.run(SimpleThreadPool.java:573)
2024-05-31 14:27:16.486 ERROR org.apache.rocketmq.spring.core.RocketMQTemplate  :695  quartzScheduler_Worker-6 [32m                [0;39m syncSend failed. destination:LOG_STORAGE, message:GenericMessage [payload=local_file, headers={id=3ede1bed-efa9-6e0d-0f65-13f157f9f135, timestamp=1717136830511}], detail exception info: 
org.apache.rocketmq.remoting.exception.RemotingTooMuchRequestException: sendDefaultImpl call timeout
	at org.apache.rocketmq.client.impl.producer.DefaultMQProducerImpl.sendDefaultImpl(DefaultMQProducerImpl.java:717)
	at org.apache.rocketmq.client.impl.producer.DefaultMQProducerImpl.send(DefaultMQProducerImpl.java:1426)
	at org.apache.rocketmq.client.producer.DefaultMQProducer.send(DefaultMQProducer.java:370)
	at org.apache.rocketmq.spring.core.RocketMQTemplate.syncSend(RocketMQTemplate.java:688)
	at org.apache.rocketmq.spring.core.RocketMQTemplate.syncSend(RocketMQTemplate.java:488)
	at org.apache.rocketmq.spring.core.RocketMQTemplate.syncSend(RocketMQTemplate.java:721)
	at org.apache.rocketmq.spring.core.RocketMQTemplate.syncSend(RocketMQTemplate.java:708)
	at com.winter.service.StorageMonitor.execute(StorageMonitor.java:50)
	at org.quartz.core.JobRunShell.run(JobRunShell.java:202)
	at org.quartz.simpl.SimpleThreadPool$WorkerThread.run(SimpleThreadPool.java:573)
2024-05-31 14:32:01.406 ERROR org.apache.rocketmq.spring.core.RocketMQTemplate  :695  quartzScheduler_Worker-4 [32m                [0;39m syncSend failed. destination:LOG_STORAGE, message:GenericMessage [payload=local_file, headers={id=00266b96-b435-2375-8d6e-88164fae427a, timestamp=1717137056609}], detail exception info: 
org.apache.rocketmq.remoting.exception.RemotingTooMuchRequestException: sendDefaultImpl call timeout
	at org.apache.rocketmq.client.impl.producer.DefaultMQProducerImpl.sendDefaultImpl(DefaultMQProducerImpl.java:717)
	at org.apache.rocketmq.client.impl.producer.DefaultMQProducerImpl.send(DefaultMQProducerImpl.java:1426)
	at org.apache.rocketmq.client.producer.DefaultMQProducer.send(DefaultMQProducer.java:370)
	at org.apache.rocketmq.spring.core.RocketMQTemplate.syncSend(RocketMQTemplate.java:688)
	at org.apache.rocketmq.spring.core.RocketMQTemplate.syncSend(RocketMQTemplate.java:488)
	at org.apache.rocketmq.spring.core.RocketMQTemplate.syncSend(RocketMQTemplate.java:721)
	at org.apache.rocketmq.spring.core.RocketMQTemplate.syncSend(RocketMQTemplate.java:708)
	at com.winter.service.StorageMonitor.execute(StorageMonitor.java:50)
	at org.quartz.core.JobRunShell.run(JobRunShell.java:202)
	at org.quartz.simpl.SimpleThreadPool$WorkerThread.run(SimpleThreadPool.java:573)
2024-05-31 14:40:03.464 ERROR org.apache.rocketmq.spring.core.RocketMQTemplate  :695  quartzScheduler_Worker-6 [32m                [0;39m syncSend failed. destination:LOG_STORAGE, message:GenericMessage [payload=local_file, headers={id=dfe0ef36-afc4-a826-203f-b262eb62853d, timestamp=1717137517340}], detail exception info: 
org.apache.rocketmq.remoting.exception.RemotingTooMuchRequestException: sendDefaultImpl call timeout
	at org.apache.rocketmq.client.impl.producer.DefaultMQProducerImpl.sendDefaultImpl(DefaultMQProducerImpl.java:717)
	at org.apache.rocketmq.client.impl.producer.DefaultMQProducerImpl.send(DefaultMQProducerImpl.java:1426)
	at org.apache.rocketmq.client.producer.DefaultMQProducer.send(DefaultMQProducer.java:370)
	at org.apache.rocketmq.spring.core.RocketMQTemplate.syncSend(RocketMQTemplate.java:688)
	at org.apache.rocketmq.spring.core.RocketMQTemplate.syncSend(RocketMQTemplate.java:488)
	at org.apache.rocketmq.spring.core.RocketMQTemplate.syncSend(RocketMQTemplate.java:721)
	at org.apache.rocketmq.spring.core.RocketMQTemplate.syncSend(RocketMQTemplate.java:708)
	at com.winter.service.StorageMonitor.execute(StorageMonitor.java:50)
	at org.quartz.core.JobRunShell.run(JobRunShell.java:202)
	at org.quartz.simpl.SimpleThreadPool$WorkerThread.run(SimpleThreadPool.java:573)
