#
# There is insufficient memory for the Java Runtime Environment to continue.
# Native memory allocation (mmap) failed to map 134217728 bytes for G1 virtual space
# Possible reasons:
#   The system is out of physical RAM or swap space
#   The process is running with CompressedOops enabled, and the Java Heap may be blocking the growth of the native heap
# Possible solutions:
#   Reduce memory load on the system
#   Increase physical memory or swap space
#   Check if swap backing store is full
#   Decrease Java heap size (-Xmx/-Xms)
#   Decrease number of Java threads
#   Decrease Java thread stack sizes (-Xss)
#   Set larger code cache with -XX:ReservedCodeCacheSize=
#   JVM is running with Unscaled Compressed Oops mode in which the Java heap is
#     placed in the first 4GB address space. The Java Heap base address is the
#     maximum limit for the native heap growth. Please use -XX:HeapBaseMinAddress
#     to set the Java Heap base and to place the Java Heap above 4GB virtual address.
# This output file may be truncated or incomplete.
#
#  Out of Memory Error (os_windows.cpp:3769), pid=25732, tid=65920
#
# JRE version:  (17.0.6+10) (build )
# Java VM: OpenJDK 64-Bit Server VM (17.0.6+10-b829.9, mixed mode, sharing, tiered, compressed oops, compressed class ptrs, g1 gc, windows-amd64)
# No core dump will be written. Minidumps are not enabled by default on client versions of Windows
#

---------------  S U M M A R Y ------------

Command Line: -Djava.rmi.server.hostname=127.0.0.1 -Duser.timezone=UTC -Xmx750m -Xms128m --add-exports=java.desktop/sun.awt=ALL-UNNAMED --add-exports=java.desktop/java.awt.peer=ALL-UNNAMED --add-opens=java.desktop/java.awt=ALL-UNNAMED --add-opens=jdk.unsupported/sun.misc=ALL-UNNAMED --add-opens=java.base/java.nio=ALL-UNNAMED --add-opens=java.base/java.util=ALL-UNNAMED -Dfile.encoding=UTF-8 com.intellij.database.remote.RemoteJdbcServer com.mysql.cj.jdbc.Driver

Host: Intel(R) Core(TM) i5-10210U CPU @ 1.60GHz, 8 cores, 7G,  Windows 11 , 64 bit Build 22621 (10.0.22621.3527)
Time: Sun Jun  9 21:37:07 2024  Windows 11 , 64 bit Build 22621 (10.0.22621.3527) elapsed time: 0.037683 seconds (0d 0h 0m 0s)

---------------  T H R E A D  ---------------

Current thread (0x000001dc5758e0f0):  JavaThread "Unknown thread" [_thread_in_vm, id=65920, stack(0x000000d230200000,0x000000d230300000)]

Stack: [0x000000d230200000,0x000000d230300000]
Native frames: (J=compiled Java code, j=interpreted, Vv=VM code, C=native code)
V  [jvm.dll+0x683c5a]
V  [jvm.dll+0x842764]
V  [jvm.dll+0x843f5e]
V  [jvm.dll+0x8445c3]
V  [jvm.dll+0x249b75]
V  [jvm.dll+0x680b29]
V  [jvm.dll+0x67501a]
V  [jvm.dll+0x309acb]
V  [jvm.dll+0x310f86]
V  [jvm.dll+0x3608ee]
V  [jvm.dll+0x360b1f]
V  [jvm.dll+0x2dfbf8]
V  [jvm.dll+0x2e0b64]
V  [jvm.dll+0x814051]
V  [jvm.dll+0x36e6a1]
V  [jvm.dll+0x7f358c]
V  [jvm.dll+0x3f0e8f]
V  [jvm.dll+0x3f29d1]
C  [jli.dll+0x526b]
C  [ucrtbase.dll+0x29333]
C  [KERNEL32.DLL+0x1257d]
C  [ntdll.dll+0x5aa48]


---------------  P R O C E S S  ---------------

Threads class SMR info:
_java_thread_list=0x00007ffefea7c058, length=0, elements={
}

Java Threads: ( => current thread )

Other Threads:
  0x000001dc59629500 GCTaskThread "GC Thread#0" [stack: 0x000000d230300000,0x000000d230400000] [id=75748]
  0x000001dc59630200 ConcurrentGCThread "G1 Main Marker" [stack: 0x000000d230400000,0x000000d230500000] [id=75364]
  0x000001dc596323c0 ConcurrentGCThread "G1 Conc#0" [stack: 0x000000d230500000,0x000000d230600000] [id=73480]

[error occurred during error reporting (printing all threads), id 0xc0000005, EXCEPTION_ACCESS_VIOLATION (0xc0000005) at pc=0x00007ffefe230797]

VM state: not at safepoint (not fully initialized)

VM Mutex/Monitor currently owned by a thread:  ([mutex/lock_event])
[0x000001dc5758be80] Heap_lock - owner thread: 0x000001dc5758e0f0

Heap address: 0x00000000d1200000, size: 750 MB, Compressed Oops mode: 32-bit

CDS archive(s) mapped at: [0x0000000000000000-0x0000000000000000-0x0000000000000000), size 0, SharedBaseAddress: 0x0000000800000000, ArchiveRelocationMode: 0.
Narrow klass base: 0x0000000000000000, Narrow klass shift: 0, Narrow klass range: 0x0

GC Precious Log:
<Empty>

Heap:
 garbage-first heap   total 0K, used 0K [0x00000000d1200000, 0x0000000100000000)
  region size 1024K, 0 young (0K), 0 survivors (0K)

[error occurred during error reporting (printing heap information), id 0xc0000005, EXCEPTION_ACCESS_VIOLATION (0xc0000005) at pc=0x00007ffefe61da49]

GC Heap History (0 events):
No events

Dll operation events (1 events):
Event: 0.016 Loaded shared library C:\Program Files\JetBrains\IntelliJ IDEA 2023.1.1\jbr\bin\java.dll

Deoptimization events (0 events):
No events

Classes unloaded (0 events):
No events

Classes redefined (0 events):
No events

Internal exceptions (0 events):
No events

VM Operations (0 events):
No events

Events (0 events):
No events


Dynamic libraries:
0x00007ff701eb0000 - 0x00007ff701eba000 	C:\Program Files\JetBrains\IntelliJ IDEA 2023.1.1\jbr\bin\java.exe
0x00007fff66d10000 - 0x00007fff66f27000 	C:\WINDOWS\SYSTEM32\ntdll.dll
0x00007fff65800000 - 0x00007fff658c4000 	C:\WINDOWS\System32\KERNEL32.DLL
0x00007fff64520000 - 0x00007fff648c7000 	C:\WINDOWS\System32\KERNELBASE.dll
0x00007fff64400000 - 0x00007fff64511000 	C:\WINDOWS\System32\ucrtbase.dll
0x00007fff5bc00000 - 0x00007fff5bc17000 	C:\Program Files\JetBrains\IntelliJ IDEA 2023.1.1\jbr\bin\jli.dll
0x00007fff5efa0000 - 0x00007fff5efbb000 	C:\Program Files\JetBrains\IntelliJ IDEA 2023.1.1\jbr\bin\VCRUNTIME140.dll
0x00007fff65300000 - 0x00007fff654ae000 	C:\WINDOWS\System32\USER32.dll
0x00007fff64290000 - 0x00007fff642b6000 	C:\WINDOWS\System32\win32u.dll
0x00007fff65ac0000 - 0x00007fff65ae9000 	C:\WINDOWS\System32\GDI32.dll
0x00007fff4c2f0000 - 0x00007fff4c583000 	C:\WINDOWS\WinSxS\amd64_microsoft.windows.common-controls_6595b64144ccf1df_6.0.22621.3527_none_270e469b73872a76\COMCTL32.dll
0x00007fff64170000 - 0x00007fff64289000 	C:\WINDOWS\System32\gdi32full.dll
0x00007fff65dc0000 - 0x00007fff65e67000 	C:\WINDOWS\System32\msvcrt.dll
0x00007fff64030000 - 0x00007fff640ca000 	C:\WINDOWS\System32\msvcp_win.dll
0x00007fff65cd0000 - 0x00007fff65d01000 	C:\WINDOWS\System32\IMM32.DLL
0x00007fff5dd30000 - 0x00007fff5dd3c000 	C:\Program Files\JetBrains\IntelliJ IDEA 2023.1.1\jbr\bin\vcruntime140_1.dll
0x00007fff38360000 - 0x00007fff383ed000 	C:\Program Files\JetBrains\IntelliJ IDEA 2023.1.1\jbr\bin\msvcp140.dll
0x00007ffefdf40000 - 0x00007ffefebae000 	C:\Program Files\JetBrains\IntelliJ IDEA 2023.1.1\jbr\bin\server\jvm.dll
0x00007fff66130000 - 0x00007fff661e2000 	C:\WINDOWS\System32\ADVAPI32.dll
0x00007fff659c0000 - 0x00007fff65a68000 	C:\WINDOWS\System32\sechost.dll
0x00007fff64140000 - 0x00007fff64168000 	C:\WINDOWS\System32\bcrypt.dll
0x00007fff661f0000 - 0x00007fff66305000 	C:\WINDOWS\System32\RPCRT4.dll
0x00007fff61170000 - 0x00007fff61179000 	C:\WINDOWS\SYSTEM32\WSOCK32.dll
0x00007fff5c060000 - 0x00007fff5c094000 	C:\WINDOWS\SYSTEM32\WINMM.dll
0x00007fff54240000 - 0x00007fff5424a000 	C:\WINDOWS\SYSTEM32\VERSION.dll
0x00007fff65780000 - 0x00007fff657f1000 	C:\WINDOWS\System32\WS2_32.dll
0x00007fff630c0000 - 0x00007fff630d8000 	C:\WINDOWS\SYSTEM32\kernel.appcore.dll
0x00007fff61120000 - 0x00007fff6112a000 	C:\Program Files\JetBrains\IntelliJ IDEA 2023.1.1\jbr\bin\jimage.dll
0x00007fff5f150000 - 0x00007fff5f382000 	C:\WINDOWS\SYSTEM32\DBGHELP.DLL
0x00007fff66940000 - 0x00007fff66cc8000 	C:\WINDOWS\System32\combase.dll
0x00007fff658e0000 - 0x00007fff659b7000 	C:\WINDOWS\System32\OLEAUT32.dll
0x00007fff43370000 - 0x00007fff433a2000 	C:\WINDOWS\SYSTEM32\dbgcore.DLL
0x00007fff64380000 - 0x00007fff643f9000 	C:\WINDOWS\System32\bcryptPrimitives.dll
0x00007fff4d260000 - 0x00007fff4d285000 	C:\Program Files\JetBrains\IntelliJ IDEA 2023.1.1\jbr\bin\java.dll

dbghelp: loaded successfully - version: 4.0.5 - missing functions: none
symbol engine: initialized successfully - sym options: 0x614 - pdb path: .;C:\Program Files\JetBrains\IntelliJ IDEA 2023.1.1\jbr\bin;C:\WINDOWS\SYSTEM32;C:\WINDOWS\WinSxS\amd64_microsoft.windows.common-controls_6595b64144ccf1df_6.0.22621.3527_none_270e469b73872a76;C:\Program Files\JetBrains\IntelliJ IDEA 2023.1.1\jbr\bin\server

VM Arguments:
jvm_args: -Djava.rmi.server.hostname=127.0.0.1 -Duser.timezone=UTC -Xmx750m -Xms128m --add-exports=java.desktop/sun.awt=ALL-UNNAMED --add-exports=java.desktop/java.awt.peer=ALL-UNNAMED --add-opens=java.desktop/java.awt=ALL-UNNAMED --add-opens=jdk.unsupported/sun.misc=ALL-UNNAMED --add-opens=java.base/java.nio=ALL-UNNAMED --add-opens=java.base/java.util=ALL-UNNAMED -Dfile.encoding=UTF-8 
java_command: com.intellij.database.remote.RemoteJdbcServer com.mysql.cj.jdbc.Driver
java_class_path (initial): C:\Program Files\JetBrains\IntelliJ IDEA 2023.1.1\lib\util_rt.jar;C:\Program Files\JetBrains\IntelliJ IDEA 2023.1.1\lib\util-8.jar;C:\Program Files\JetBrains\IntelliJ IDEA 2023.1.1\lib\groovy.jar;C:\Program Files\JetBrains\IntelliJ IDEA 2023.1.1\plugins\DatabaseTools\lib\jdbc-console.jar;C:\Program Files\JetBrains\IntelliJ IDEA 2023.1.1\plugins\grid-core-impl\lib\jdbc-console-types.jar;C:\Program Files\JetBrains\IntelliJ IDEA 2023.1.1\lib\util.jar;C:\Users\22065\AppData\Roaming\JetBrains\IntelliJIdea2023.1\jdbc-drivers\MySQL ConnectorJ\8.2.0\com\mysql\mysql-connector-j\8.2.0\mysql-connector-j-8.2.0.jar;C:\Users\22065\AppData\Roaming\JetBrains\IntelliJIdea2023.1\jdbc-drivers\MySQL ConnectorJ\8.2.0\com\google\protobuf\protobuf-java\3.21.9\protobuf-java-3.21.9.jar
Launcher Type: SUN_STANDARD

[Global flags]
     intx CICompilerCount                          = 4                                         {product} {ergonomic}
     uint ConcGCThreads                            = 2                                         {product} {ergonomic}
     uint G1ConcRefinementThreads                  = 8                                         {product} {ergonomic}
   size_t G1HeapRegionSize                         = 1048576                                   {product} {ergonomic}
    uintx GCDrainStackTargetSize                   = 64                                        {product} {ergonomic}
   size_t InitialHeapSize                          = 134217728                                 {product} {command line}
   size_t MarkStackSize                            = 4194304                                   {product} {ergonomic}
   size_t MaxHeapSize                              = 786432000                                 {product} {command line}
   size_t MinHeapDeltaBytes                        = 1048576                                   {product} {ergonomic}
   size_t MinHeapSize                              = 134217728                                 {product} {command line}
    uintx NonNMethodCodeHeapSize                   = 5839372                                {pd product} {ergonomic}
    uintx NonProfiledCodeHeapSize                  = 122909434                              {pd product} {ergonomic}
    uintx ProfiledCodeHeapSize                     = 122909434                              {pd product} {ergonomic}
    uintx ReservedCodeCacheSize                    = 251658240                              {pd product} {ergonomic}
     bool SegmentedCodeCache                       = true                                      {product} {ergonomic}
   size_t SoftMaxHeapSize                          = 786432000                              {manageable} {ergonomic}
     bool UseCompressedClassPointers               = true                           {product lp64_product} {ergonomic}
     bool UseCompressedOops                        = true                           {product lp64_product} {ergonomic}
     bool UseG1GC                                  = true                                      {product} {ergonomic}
     bool UseLargePagesIndividualAllocation        = false                                  {pd product} {ergonomic}

Logging:
Log output configuration:
 #0: stdout all=warning uptime,level,tags
 #1: stderr all=off uptime,level,tags

Environment Variables:
JAVA_HOME=D:\java8\
PATH=D:\Linux\Linux\bin\;C:\Program Files\PlasticSCM5\server;C:\Program Files\PlasticSCM5\client;C:\Program Files (x86)\Common Files\Oracle\Java\javapath;C:\Windows\system32;C:\Windows;C:\Windows\System32\Wbem;C:\Windows\System32\WindowsPowerShell\v1.0\;C:\Windows\System32\OpenSSH\;C:\Program Files (x86)\NVIDIA Corporation\PhysX\Common;C:\Program Files\NVIDIA Corporation\NVIDIA NvDLISR;D:\java8\bin;C:\Program Files\Microsoft SQL Server\150\Tools\Binn\;C:\Program Files\Microsoft SQL Server\Client SDK\ODBC\170\Tools\Binn\;C:\Program Files\dotnet\;C:\Program Files (x86)\GtkSharp\2.12\bin;D:\Git\cmd;C:\WINDOWS\system32;C:\WINDOWS;C:\WINDOWS\System32\Wbem;C:\WINDOWS\System32\WindowsPowerShell\v1.0\;C:\WINDOWS\System32\OpenSSH\;C:\Program Files\MySQL\MySQL Server 8.0\bin;D:\redis\;C:\Users\22065\AppData\Roaming\nvm;C:\Program Files\nodejs;C:\Program Files\nodejs\;C:\Users\22065\AppData\Local\Google\Chrome\Application;C:\Users\22065\AppData\Local\Programs\Python\Python310\Scripts\;C:\Users\22065\AppData\Local\Programs\Python\Python310\;C:\Program Files\MySQL\MySQL Shell 8.0\bin\;C:\Users\22065\AppData\Local\Microsoft\WindowsApps;D:\Microsoft VS Code\bin;C:\Users\22065\.dotnet\tools;D:\pycharm\PyCharm Community Edition 2022.3.1\bin;;C:\Users\22065\AppData\Roaming\nvm;C:\Program Files\nodejs;C:\Users\22065\AppData\Roaming\npm
USERNAME=22065
OS=Windows_NT
PROCESSOR_IDENTIFIER=Intel64 Family 6 Model 142 Stepping 12, GenuineIntel
TMP=C:\Users\22065\AppData\Local\Temp
TEMP=C:\Users\22065\AppData\Local\Temp


JNI global refs:

[error occurred during error reporting (JNI global references), id 0xc0000005, EXCEPTION_ACCESS_VIOLATION (0xc0000005) at pc=0x00007ffefdff7a10]


---------------  S Y S T E M  ---------------

OS:
 Windows 11 , 64 bit Build 22621 (10.0.22621.3527)
OS uptime: 8 days 23:22 hours

CPU: total 8 (initial active 8) (4 cores per cpu, 2 threads per core) family 6 model 142 stepping 12 microcode 0xea, cx8, cmov, fxsr, ht, mmx, 3dnowpref, sse, sse2, sse3, ssse3, sse4.1, sse4.2, popcnt, lzcnt, tsc, tscinvbit, avx, avx2, aes, erms, clmul, bmi1, bmi2, adx, fma, vzeroupper, clflush, clflushopt

Memory: 4k page, system-wide physical 8025M (399M free)
TotalPageFile size 32601M (AvailPageFile size 30M)
current process WorkingSet (physical memory assigned to process): 11M, peak: 11M
current process commit charge ("private bytes"): 59M, peak: 187M

vm_info: OpenJDK 64-Bit Server VM (17.0.6+10-b829.9) for windows-amd64 JRE (17.0.6+10-b829.9), built on 2023-04-09 by "builduser" with MS VC++ 16.10 / 16.11 (VS2019)

END.
